[2015-11-12 09:36:33][error]Failed opening controller script D:\php_pro\yafsample/application\controllers\Favicon.ico.php: No such file or directory IN FILE D:\php_pro\yafsample\index.php ON LINE 6
[2015-11-12 09:37:39][error]Failed opening controller script D:\php_pro\yafsample/application\controllers\Favicon.ico.php: No such file or directory IN FILE D:\php_pro\yafsample\index.php ON LINE 6
[2015-11-12 09:42:29][error]Failed opening controller script D:\php_pro\yafsample/application\controllers\Favicon.ico.php: No such file or directory IN FILE D:\php_pro\yafsample\index.php ON LINE 6
[2015-11-12 09:47:32][error]Failed opening controller script D:\php_pro\yafsample/application\controllers\Favicon.ico.php: No such file or directory IN FILE D:\php_pro\yafsample\index.php ON LINE 6
[2015-11-12 09:47:32][error]Failed opening controller script D:\php_pro\yafsample/application\controllers\Favicon.ico.php: No such file or directory IN FILE D:\php_pro\yafsample\index.php ON LINE 6
[2015-11-12 09:47:42][error]Failed opening controller script D:\php_pro\yafsample/application\controllers\Favicon.ico.php: No such file or directory IN FILE D:\php_pro\yafsample\index.php ON LINE 6
[2015-11-12 09:49:18][error]Failed opening controller script D:\php_pro\yafsample/application\controllers\Favicon.ico.php: No such file or directory IN FILE D:\php_pro\yafsample\index.php ON LINE 6
[2015-11-12 09:52:44][error]Failed opening controller script D:\php_pro\yafsample/application\controllers\Favicon.ico.php: No such file or directory IN FILE D:\php_pro\yafsample\index.php ON LINE 6
[2015-11-12 09:52:50][error]Failed opening controller script D:\php_pro\yafsample/application\controllers\Favicon.ico.php: No such file or directory IN FILE D:\php_pro\yafsample\index.php ON LINE 6
[2015-11-12 09:53:50][error]Failed opening controller script D:\php_pro\yafsample/application\controllers\Favicon.ico.php: No such file or directory IN FILE D:\php_pro\yafsample\index.php ON LINE 6
[2015-11-12 09:53:54][error]Failed opening controller script D:\php_pro\yafsample/application\controllers\Favicon.ico.php: No such file or directory IN FILE D:\php_pro\yafsample\index.php ON LINE 6
[2015-11-12 10:45:43][error]Failed opening controller script D:\php_pro\yafsample/application\controllers\Favicon.ico.php: No such file or directory IN FILE D:\php_pro\yafsample\index.php ON LINE 6
[2015-11-12 10:45:45][error]Failed opening controller script D:\php_pro\yafsample/application\controllers\Favicon.ico.php: No such file or directory IN FILE D:\php_pro\yafsample\index.php ON LINE 6
[2015-11-12 10:46:53][error]Failed opening controller script D:\php_pro\yafsample/application\controllers\Favicon.ico.php: No such file or directory IN FILE D:\php_pro\yafsample\index.php ON LINE 6
[2015-11-12 10:47:05][error]Failed opening controller script D:\php_pro\yafsample/application\controllers\Favicon.ico.php: No such file or directory IN FILE D:\php_pro\yafsample\index.php ON LINE 6
[2015-11-12 10:47:26][error]Failed opening controller script D:\php_pro\yafsample/application\controllers\Favicon.ico.php: No such file or directory IN FILE D:\php_pro\yafsample\index.php ON LINE 6
[2015-11-12 10:49:57][error]Failed opening controller script D:\php_pro\yafsample/application\controllers\Favicon.ico.php: No such file or directory IN FILE D:\php_pro\yafsample\index.php ON LINE 6
[2015-11-12 10:50:03][error]Failed opening controller script D:\php_pro\yafsample/application\controllers\Favicon.ico.php: No such file or directory IN FILE D:\php_pro\yafsample\index.php ON LINE 6
[2015-11-12 10:50:09][error]Failed opening controller script D:\php_pro\yafsample/application\controllers\Favicon.ico.php: No such file or directory IN FILE D:\php_pro\yafsample\index.php ON LINE 6
[2015-11-12 10:52:51][error]Failed opening controller script D:\php_pro\yafsample/application\controllers\Favicon.ico.php: No such file or directory IN FILE D:\php_pro\yafsample\index.php ON LINE 6
[2015-11-12 10:52:58][error]Failed opening controller script D:\php_pro\yafsample/application\controllers\Favicon.ico.php: No such file or directory IN FILE D:\php_pro\yafsample\index.php ON LINE 6
[2015-11-12 10:55:08][error]Failed opening controller script D:\php_pro\yafsample/application\controllers\Favicon.ico.php: No such file or directory IN FILE D:\php_pro\yafsample\index.php ON LINE 6
[2015-11-12 10:56:39][error]Failed opening controller script D:\php_pro\yafsample/application\controllers\Favicon.ico.php: No such file or directory IN FILE D:\php_pro\yafsample\index.php ON LINE 6
[2015-11-12 10:56:48][error]Failed opening controller script D:\php_pro\yafsample/application\controllers\Favicon.ico.php: No such file or directory IN FILE D:\php_pro\yafsample\index.php ON LINE 6
[2015-11-12 10:56:53][error]Failed opening controller script D:\php_pro\yafsample/application\controllers\Favicon.ico.php: No such file or directory IN FILE D:\php_pro\yafsample\index.php ON LINE 6
[2015-11-12 10:57:25][error]Failed opening controller script D:\php_pro\yafsample/application\controllers\Favicon.ico.php: No such file or directory IN FILE D:\php_pro\yafsample\index.php ON LINE 6
[2015-11-12 10:58:00][error]Failed opening controller script D:\php_pro\yafsample/application\controllers\Favicon.ico.php: No such file or directory IN FILE D:\php_pro\yafsample\index.php ON LINE 6
[2015-11-12 10:58:08][error]Failed opening controller script D:\php_pro\yafsample/application\controllers\Favicon.ico.php: No such file or directory IN FILE D:\php_pro\yafsample\index.php ON LINE 6
[2015-11-12 10:58:10][error]Failed opening controller script D:\php_pro\yafsample/application\controllers\Favicon.ico.php: No such file or directory IN FILE D:\php_pro\yafsample\index.php ON LINE 6
[2015-11-12 10:58:10][error]Failed opening controller script D:\php_pro\yafsample/application\controllers\Favicon.ico.php: No such file or directory IN FILE D:\php_pro\yafsample\index.php ON LINE 6
[2015-11-12 10:58:10][error]Failed opening controller script D:\php_pro\yafsample/application\controllers\Favicon.ico.php: No such file or directory IN FILE D:\php_pro\yafsample\index.php ON LINE 6
[2015-11-12 10:58:11][error]Failed opening controller script D:\php_pro\yafsample/application\controllers\Favicon.ico.php: No such file or directory IN FILE D:\php_pro\yafsample\index.php ON LINE 6
[2015-11-12 10:58:11][error]Failed opening controller script D:\php_pro\yafsample/application\controllers\Favicon.ico.php: No such file or directory IN FILE D:\php_pro\yafsample\index.php ON LINE 6
[2015-11-12 10:58:14][error]Failed opening controller script D:\php_pro\yafsample/application\controllers\Favicon.ico.php: No such file or directory IN FILE D:\php_pro\yafsample\index.php ON LINE 6
[2015-11-12 10:58:39][error]Failed opening controller script D:\php_pro\yafsample/application\controllers\Favicon.ico.php: No such file or directory IN FILE D:\php_pro\yafsample\index.php ON LINE 6
[2015-11-12 10:58:41][error]Failed opening controller script D:\php_pro\yafsample/application\controllers\Favicon.ico.php: No such file or directory IN FILE D:\php_pro\yafsample\index.php ON LINE 6
[2015-11-12 10:58:52][error]Failed opening controller script D:\php_pro\yafsample/application\controllers\Favicon.ico.php: No such file or directory IN FILE D:\php_pro\yafsample\index.php ON LINE 6
[2015-11-12 11:00:04][error]Failed opening controller script D:\php_pro\yafsample/application\controllers\Favicon.ico.php: No such file or directory IN FILE D:\php_pro\yafsample\index.php ON LINE 6
[2015-11-12 11:00:08][error]Failed opening controller script D:\php_pro\yafsample/application\controllers\Favicon.ico.php: No such file or directory IN FILE D:\php_pro\yafsample\index.php ON LINE 6
[2015-11-12 11:00:11][error]Failed opening controller script D:\php_pro\yafsample/application\controllers\Favicon.ico.php: No such file or directory IN FILE D:\php_pro\yafsample\index.php ON LINE 6
[2015-11-12 11:00:21][error]Failed opening controller script D:\php_pro\yafsample/application\controllers\Favicon.ico.php: No such file or directory IN FILE D:\php_pro\yafsample\index.php ON LINE 6
[2015-11-12 11:00:23][error]Failed opening controller script D:\php_pro\yafsample/application\controllers\Favicon.ico.php: No such file or directory IN FILE D:\php_pro\yafsample\index.php ON LINE 6
[2015-11-12 11:00:24][error]Failed opening controller script D:\php_pro\yafsample/application\controllers\Favicon.ico.php: No such file or directory IN FILE D:\php_pro\yafsample\index.php ON LINE 6
[2015-11-12 11:32:41][error]Failed opening controller script D:\php_pro\yafsample/application\controllers\Favicon.ico.php: No such file or directory IN FILE D:\php_pro\yafsample\index.php ON LINE 6
[2015-11-12 11:34:37][error]Failed opening controller script D:\php_pro\yafsample/application\controllers\Favicon.ico.php: No such file or directory IN FILE D:\php_pro\yafsample\index.php ON LINE 6
[2015-11-12 11:34:57][error]Failed opening controller script D:\php_pro\yafsample/application\controllers\Favicon.ico.php: No such file or directory IN FILE D:\php_pro\yafsample\index.php ON LINE 6
[2015-11-12 11:35:24][error]Failed opening controller script D:\php_pro\yafsample/application\controllers\Favicon.ico.php: No such file or directory IN FILE D:\php_pro\yafsample\index.php ON LINE 6
[2015-11-12 11:37:35][error]Failed opening controller script D:\php_pro\yafsample/application\controllers\Favicon.ico.php: No such file or directory IN FILE D:\php_pro\yafsample\index.php ON LINE 6
[2015-11-12 11:37:36][error]Failed opening controller script D:\php_pro\yafsample/application\controllers\Favicon.ico.php: No such file or directory IN FILE D:\php_pro\yafsample\index.php ON LINE 6
[2015-11-12 11:38:18][error]Failed opening controller script D:\php_pro\yafsample/application\controllers\Favicon.ico.php: No such file or directory IN FILE D:\php_pro\yafsample\index.php ON LINE 6
[2015-11-12 11:38:19][error]Failed opening controller script D:\php_pro\yafsample/application\controllers\Favicon.ico.php: No such file or directory IN FILE D:\php_pro\yafsample\index.php ON LINE 6
[2015-11-12 11:40:42][error]Failed opening controller script D:\php_pro\yafsample/application\controllers\Favicon.ico.php: No such file or directory IN FILE D:\php_pro\yafsample\index.php ON LINE 6
[2015-11-12 11:40:47][error]Failed opening controller script D:\php_pro\yafsample/application\controllers\Favicon.ico.php: No such file or directory IN FILE D:\php_pro\yafsample\index.php ON LINE 6
[2015-11-12 11:40:53][error]Failed opening controller script D:\php_pro\yafsample/application\controllers\Favicon.ico.php: No such file or directory IN FILE D:\php_pro\yafsample\index.php ON LINE 6
[2015-11-12 11:43:27][error]Failed opening controller script D:\php_pro\yafsample/application\controllers\Favicon.ico.php: No such file or directory IN FILE D:\php_pro\yafsample\index.php ON LINE 6
[2015-11-12 11:43:33][error]Failed opening controller script D:\php_pro\yafsample/application\controllers\Favicon.ico.php: No such file or directory IN FILE D:\php_pro\yafsample\index.php ON LINE 6
[2015-11-12 11:44:38][error]Failed opening controller script D:\php_pro\yafsample/application\controllers\Favicon.ico.php: No such file or directory IN FILE D:\php_pro\yafsample\index.php ON LINE 6
[2015-11-12 11:48:22][error]Failed opening controller script D:\php_pro\yafsample/application\controllers\Favicon.ico.php: No such file or directory IN FILE D:\php_pro\yafsample\index.php ON LINE 6
[2015-11-12 11:48:27][error]Failed opening controller script D:\php_pro\yafsample/application\controllers\Favicon.ico.php: No such file or directory IN FILE D:\php_pro\yafsample\index.php ON LINE 6
[2015-11-12 11:48:35][error]Failed opening controller script D:\php_pro\yafsample/application\controllers\Favicon.ico.php: No such file or directory IN FILE D:\php_pro\yafsample\index.php ON LINE 6
[2015-11-12 11:51:50][error]Failed opening controller script D:\php_pro\yafsample/application\controllers\Favicon.ico.php: No such file or directory IN FILE D:\php_pro\yafsample\index.php ON LINE 6
[2015-11-12 11:54:23][error]Failed opening controller script D:\php_pro\yafsample/application\controllers\Favicon.ico.php: No such file or directory IN FILE D:\php_pro\yafsample\index.php ON LINE 6
[2015-11-12 11:54:23][error]Failed opening controller script D:\php_pro\yafsample/application\controllers\Favicon.ico.php: No such file or directory IN FILE D:\php_pro\yafsample\index.php ON LINE 6
[2015-11-12 11:54:30][error]Failed opening controller script D:\php_pro\yafsample/application\controllers\Favicon.ico.php: No such file or directory IN FILE D:\php_pro\yafsample\index.php ON LINE 6
[2015-11-12 11:55:28][error]Failed opening controller script D:\php_pro\yafsample/application\controllers\Favicon.ico.php: No such file or directory IN FILE D:\php_pro\yafsample\index.php ON LINE 6
[2015-11-12 11:55:40][error]Failed opening controller script D:\php_pro\yafsample/application\controllers\Favicon.ico.php: No such file or directory IN FILE D:\php_pro\yafsample\index.php ON LINE 6
[2015-11-12 11:55:52][error]Failed opening controller script D:\php_pro\yafsample/application\controllers\Favicon.ico.php: No such file or directory IN FILE D:\php_pro\yafsample\index.php ON LINE 6
[2015-11-12 12:01:10][error]Failed opening controller script D:\php_pro\yafsample/application\controllers\Favicon.ico.php: No such file or directory IN FILE D:\php_pro\yafsample\index.php ON LINE 6
[2015-11-12 12:01:17][error]Failed opening controller script D:\php_pro\yafsample/application\controllers\Favicon.ico.php: No such file or directory IN FILE D:\php_pro\yafsample\index.php ON LINE 6
[2015-11-12 14:31:51][error]Failed opening controller script D:\php_pro\yafsample/application\controllers\Favicon.ico.php: No such file or directory IN FILE D:\php_pro\yafsample\index.php ON LINE 6
[2015-11-12 14:31:56][error]Failed opening controller script D:\php_pro\yafsample/application\controllers\Favicon.ico.php: No such file or directory IN FILE D:\php_pro\yafsample\index.php ON LINE 6
[2015-11-12 14:38:23][error]Failed opening controller script D:\php_pro\yafsample/application\controllers\Favicon.ico.php: No such file or directory IN FILE D:\php_pro\yafsample\index.php ON LINE 6
[2015-11-12 14:39:56][error]Failed opening controller script D:\php_pro\yafsample/application\controllers\Favicon.ico.php: No such file or directory IN FILE D:\php_pro\yafsample\index.php ON LINE 6
[2015-11-12 14:42:24][error]Failed opening controller script D:\php_pro\yafsample/application\controllers\Favicon.ico.php: No such file or directory IN FILE D:\php_pro\yafsample\index.php ON LINE 6
[2015-11-12 14:42:46][error]Failed opening controller script D:\php_pro\yafsample/application\controllers\Favicon.ico.php: No such file or directory IN FILE D:\php_pro\yafsample\index.php ON LINE 6
[2015-11-12 14:56:52][error]Failed opening controller script D:\php_pro\yafsample/application\controllers\Favicon.ico.php: No such file or directory IN FILE D:\php_pro\yafsample\index.php ON LINE 6
[2015-11-12 14:58:15][error]Failed opening controller script D:\php_pro\yafsample/application\controllers\Favicon.ico.php: No such file or directory IN FILE D:\php_pro\yafsample\index.php ON LINE 6
[2015-11-12 15:01:25][error]Failed opening controller script D:\php_pro\yafsample/application\controllers\Favicon.ico.php: No such file or directory IN FILE D:\php_pro\yafsample\index.php ON LINE 6
[2015-11-12 15:01:54][error]Failed opening controller script D:\php_pro\yafsample/application\controllers\Favicon.ico.php: No such file or directory IN FILE D:\php_pro\yafsample\index.php ON LINE 6
[2015-11-12 15:02:07][error]Failed opening controller script D:\php_pro\yafsample/application\controllers\Favicon.ico.php: No such file or directory IN FILE D:\php_pro\yafsample\index.php ON LINE 6
[2015-11-12 15:07:17][error]Failed opening controller script D:\php_pro\yafsample/application\controllers\Favicon.ico.php: No such file or directory IN FILE D:\php_pro\yafsample\index.php ON LINE 6
[2015-11-12 15:10:37][error]Failed opening controller script D:\php_pro\yafsample/application\controllers\Favicon.ico.php: No such file or directory IN FILE D:\php_pro\yafsample\index.php ON LINE 6
[2015-11-12 15:11:21][error]Failed opening controller script D:\php_pro\yafsample/application\controllers\Favicon.ico.php: No such file or directory IN FILE D:\php_pro\yafsample\index.php ON LINE 6
[2015-11-12 15:11:56][error]Failed opening controller script D:\php_pro\yafsample/application\controllers\Favicon.ico.php: No such file or directory IN FILE D:\php_pro\yafsample\index.php ON LINE 6
[2015-11-12 15:12:14][error]Failed opening controller script D:\php_pro\yafsample/application\controllers\Favicon.ico.php: No such file or directory IN FILE D:\php_pro\yafsample\index.php ON LINE 6
[2015-11-12 15:14:36][error]Failed opening controller script D:\php_pro\yafsample/application\controllers\Favicon.ico.php: No such file or directory IN FILE D:\php_pro\yafsample\index.php ON LINE 6
[2015-11-12 15:30:55][error]Failed opening controller script D:\php_pro\yafsample/application\controllers\Favicon.ico.php: No such file or directory IN FILE D:\php_pro\yafsample\index.php ON LINE 6
[2015-11-12 15:31:06][error]Failed opening controller script D:\php_pro\yafsample/application\controllers\Favicon.ico.php: No such file or directory IN FILE D:\php_pro\yafsample\index.php ON LINE 6
[2015-11-12 15:31:08][error]Failed opening controller script D:\php_pro\yafsample/application\controllers\Favicon.ico.php: No such file or directory IN FILE D:\php_pro\yafsample\index.php ON LINE 6
[2015-11-12 15:31:08][error]Failed opening controller script D:\php_pro\yafsample/application\controllers\Favicon.ico.php: No such file or directory IN FILE D:\php_pro\yafsample\index.php ON LINE 6
[2015-11-12 15:31:09][error]Failed opening controller script D:\php_pro\yafsample/application\controllers\Favicon.ico.php: No such file or directory IN FILE D:\php_pro\yafsample\index.php ON LINE 6
[2015-11-12 15:31:09][error]Failed opening controller script D:\php_pro\yafsample/application\controllers\Favicon.ico.php: No such file or directory IN FILE D:\php_pro\yafsample\index.php ON LINE 6
[2015-11-12 15:31:10][error]Failed opening controller script D:\php_pro\yafsample/application\controllers\Favicon.ico.php: No such file or directory IN FILE D:\php_pro\yafsample\index.php ON LINE 6
[2015-11-12 15:31:11][error]Failed opening controller script D:\php_pro\yafsample/application\controllers\Favicon.ico.php: No such file or directory IN FILE D:\php_pro\yafsample\index.php ON LINE 6
[2015-11-12 15:31:12][error]Failed opening controller script D:\php_pro\yafsample/application\controllers\Favicon.ico.php: No such file or directory IN FILE D:\php_pro\yafsample\index.php ON LINE 6
[2015-11-12 15:31:13][error]Failed opening controller script D:\php_pro\yafsample/application\controllers\Favicon.ico.php: No such file or directory IN FILE D:\php_pro\yafsample\index.php ON LINE 6
[2015-11-12 15:31:14][error]Failed opening controller script D:\php_pro\yafsample/application\controllers\Favicon.ico.php: No such file or directory IN FILE D:\php_pro\yafsample\index.php ON LINE 6
[2015-11-12 15:31:15][error]Failed opening controller script D:\php_pro\yafsample/application\controllers\Favicon.ico.php: No such file or directory IN FILE D:\php_pro\yafsample\index.php ON LINE 6
[2015-11-12 15:31:15][error]Failed opening controller script D:\php_pro\yafsample/application\controllers\Favicon.ico.php: No such file or directory IN FILE D:\php_pro\yafsample\index.php ON LINE 6
[2015-11-12 15:31:22][error]Failed opening controller script D:\php_pro\yafsample/application\controllers\Favicon.ico.php: No such file or directory IN FILE D:\php_pro\yafsample\index.php ON LINE 6
[2015-11-12 15:31:23][error]Failed opening controller script D:\php_pro\yafsample/application\controllers\Favicon.ico.php: No such file or directory IN FILE D:\php_pro\yafsample\index.php ON LINE 6
[2015-11-12 15:31:24][error]Failed opening controller script D:\php_pro\yafsample/application\controllers\Favicon.ico.php: No such file or directory IN FILE D:\php_pro\yafsample\index.php ON LINE 6
[2015-11-12 15:31:24][error]Failed opening controller script D:\php_pro\yafsample/application\controllers\Favicon.ico.php: No such file or directory IN FILE D:\php_pro\yafsample\index.php ON LINE 6
[2015-11-12 15:32:06][error]Failed opening controller script D:\php_pro\yafsample/application\controllers\Favicon.ico.php: No such file or directory IN FILE D:\php_pro\yafsample\index.php ON LINE 6
[2015-11-12 15:32:14][error]Failed opening controller script D:\php_pro\yafsample/application\controllers\Favicon.ico.php: No such file or directory IN FILE D:\php_pro\yafsample\index.php ON LINE 6
[2015-11-12 15:32:22][error]Failed opening controller script D:\php_pro\yafsample/application\controllers\Favicon.ico.php: No such file or directory IN FILE D:\php_pro\yafsample\index.php ON LINE 6
[2015-11-12 15:33:15][error]Failed opening controller script D:\php_pro\yafsample/application\controllers\Favicon.ico.php: No such file or directory IN FILE D:\php_pro\yafsample\index.php ON LINE 6
[2015-11-12 15:33:31][error]Failed opening controller script D:\php_pro\yafsample/application\controllers\Favicon.ico.php: No such file or directory IN FILE D:\php_pro\yafsample\index.php ON LINE 6
[2015-11-12 15:33:34][error]Failed opening controller script D:\php_pro\yafsample/application\controllers\Favicon.ico.php: No such file or directory IN FILE D:\php_pro\yafsample\index.php ON LINE 6
[2015-11-12 15:33:38][error]Failed opening controller script D:\php_pro\yafsample/application\controllers\Favicon.ico.php: No such file or directory IN FILE D:\php_pro\yafsample\index.php ON LINE 6
[2015-11-12 15:33:57][error]Failed opening controller script D:\php_pro\yafsample/application\controllers\Favicon.ico.php: No such file or directory IN FILE D:\php_pro\yafsample\index.php ON LINE 6
[2015-11-12 15:34:01][error]Failed opening controller script D:\php_pro\yafsample/application\controllers\Favicon.ico.php: No such file or directory IN FILE D:\php_pro\yafsample\index.php ON LINE 6
[2015-11-12 15:34:42][error]Failed opening controller script D:\php_pro\yafsample/application\controllers\Favicon.ico.php: No such file or directory IN FILE D:\php_pro\yafsample\index.php ON LINE 6
[2015-11-12 15:34:45][error]Failed opening controller script D:\php_pro\yafsample/application\controllers\Favicon.ico.php: No such file or directory IN FILE D:\php_pro\yafsample\index.php ON LINE 6
[2015-11-12 15:34:48][error]Failed opening controller script D:\php_pro\yafsample/application\controllers\Favicon.ico.php: No such file or directory IN FILE D:\php_pro\yafsample\index.php ON LINE 6
[2015-11-12 15:35:12][error]Failed opening controller script D:\php_pro\yafsample/application\controllers\Favicon.ico.php: No such file or directory IN FILE D:\php_pro\yafsample\index.php ON LINE 6
[2015-11-12 15:36:39][error]Failed opening controller script D:\php_pro\yafsample/application\controllers\Favicon.ico.php: No such file or directory IN FILE D:\php_pro\yafsample\index.php ON LINE 6
[2015-11-12 15:36:51][error]Failed opening controller script D:\php_pro\yafsample/application\controllers\Favicon.ico.php: No such file or directory IN FILE D:\php_pro\yafsample\index.php ON LINE 6
[2015-11-12 15:42:00][error]Failed opening controller script D:\php_pro\yafsample/application\controllers\Favicon.ico.php: No such file or directory IN FILE D:\php_pro\yafsample\index.php ON LINE 6
[2015-11-12 15:43:46][error]Failed opening controller script D:\php_pro\yafsample/application\controllers\Favicon.ico.php: No such file or directory IN FILE D:\php_pro\yafsample\index.php ON LINE 6
[2015-11-12 15:44:00][error]Failed opening controller script D:\php_pro\yafsample/application\controllers\Favicon.ico.php: No such file or directory IN FILE D:\php_pro\yafsample\index.php ON LINE 6
[2015-11-12 15:44:43][error]Failed opening controller script D:\php_pro\yafsample/application\controllers\Favicon.ico.php: No such file or directory IN FILE D:\php_pro\yafsample\index.php ON LINE 6
[2015-11-12 15:45:17][error]Failed opening controller script D:\php_pro\yafsample/application\controllers\Favicon.ico.php: No such file or directory IN FILE D:\php_pro\yafsample\index.php ON LINE 6
[2015-11-12 15:51:48][error]Failed opening controller script D:\php_pro\yafsample/application\controllers\Favicon.ico.php: No such file or directory IN FILE D:\php_pro\yafsample\index.php ON LINE 6
[2015-11-12 15:52:47][error]Failed opening controller script D:\php_pro\yafsample/application\controllers\Favicon.ico.php: No such file or directory IN FILE D:\php_pro\yafsample\index.php ON LINE 6
[2015-11-12 15:56:08][error]Failed opening controller script D:\php_pro\yafsample/application\controllers\Favicon.ico.php: No such file or directory IN FILE D:\php_pro\yafsample\index.php ON LINE 6
[2015-11-12 15:57:15][error]Failed opening controller script D:\php_pro\yafsample/application\controllers\Favicon.ico.php: No such file or directory IN FILE D:\php_pro\yafsample\index.php ON LINE 6
[2015-11-12 16:00:14][error]Failed opening controller script D:\php_pro\yafsample/application\controllers\Favicon.ico.php: No such file or directory IN FILE D:\php_pro\yafsample\index.php ON LINE 6
[2015-11-12 16:01:37][error]Failed opening controller script D:\php_pro\yafsample/application\controllers\Favicon.ico.php: No such file or directory IN FILE D:\php_pro\yafsample\index.php ON LINE 6
[2015-11-12 16:02:44][error]Failed opening controller script D:\php_pro\yafsample/application\controllers\Favicon.ico.php: No such file or directory IN FILE D:\php_pro\yafsample\index.php ON LINE 6
[2015-11-12 16:03:55][error]Failed opening controller script D:\php_pro\yafsample/application\controllers\Favicon.ico.php: No such file or directory IN FILE D:\php_pro\yafsample\index.php ON LINE 6
[2015-11-12 16:04:23][error]Failed opening controller script D:\php_pro\yafsample/application\controllers\Favicon.ico.php: No such file or directory IN FILE D:\php_pro\yafsample\index.php ON LINE 6
[2015-11-12 16:07:12][error]Failed opening controller script D:\php_pro\yafsample/application\controllers\Favicon.ico.php: No such file or directory IN FILE D:\php_pro\yafsample\index.php ON LINE 6
[2015-11-12 16:08:08][error]Failed opening controller script D:\php_pro\yafsample/application\controllers\Favicon.ico.php: No such file or directory IN FILE D:\php_pro\yafsample\index.php ON LINE 6
[2015-11-12 16:09:51][error]Failed opening controller script D:\php_pro\yafsample/application\controllers\Favicon.ico.php: No such file or directory IN FILE D:\php_pro\yafsample\index.php ON LINE 6
[2015-11-12 16:09:53][error]Failed opening controller script D:\php_pro\yafsample/application\controllers\Favicon.ico.php: No such file or directory IN FILE D:\php_pro\yafsample\index.php ON LINE 6
[2015-11-12 16:10:33][error]Failed opening controller script D:\php_pro\yafsample/application\controllers\Favicon.ico.php: No such file or directory IN FILE D:\php_pro\yafsample\index.php ON LINE 6
[2015-11-12 16:12:09][error]Failed opening controller script D:\php_pro\yafsample/application\controllers\Favicon.ico.php: No such file or directory IN FILE D:\php_pro\yafsample\index.php ON LINE 6
[2015-11-12 16:20:19][error]Failed opening controller script D:\php_pro\yafsample/application\controllers\Favicon.ico.php: No such file or directory IN FILE D:\php_pro\yafsample\index.php ON LINE 6
[2015-11-12 16:21:22][error]Failed opening controller script D:\php_pro\yafsample/application\controllers\Favicon.ico.php: No such file or directory IN FILE D:\php_pro\yafsample\index.php ON LINE 6
[2015-11-12 16:22:24][error]Failed opening controller script D:\php_pro\yafsample/application\controllers\Favicon.ico.php: No such file or directory IN FILE D:\php_pro\yafsample\index.php ON LINE 6
[2015-11-12 16:22:29][error]Failed opening controller script D:\php_pro\yafsample/application\controllers\Favicon.ico.php: No such file or directory IN FILE D:\php_pro\yafsample\index.php ON LINE 6
[2015-11-12 16:22:37][error]Failed opening controller script D:\php_pro\yafsample/application\controllers\Favicon.ico.php: No such file or directory IN FILE D:\php_pro\yafsample\index.php ON LINE 6
[2015-11-12 16:22:38][error]Failed opening controller script D:\php_pro\yafsample/application\controllers\Favicon.ico.php: No such file or directory IN FILE D:\php_pro\yafsample\index.php ON LINE 6
[2015-11-12 16:22:39][error]Failed opening controller script D:\php_pro\yafsample/application\controllers\Favicon.ico.php: No such file or directory IN FILE D:\php_pro\yafsample\index.php ON LINE 6
[2015-11-12 16:22:39][error]Failed opening controller script D:\php_pro\yafsample/application\controllers\Favicon.ico.php: No such file or directory IN FILE D:\php_pro\yafsample\index.php ON LINE 6
[2015-11-12 16:22:39][error]Failed opening controller script D:\php_pro\yafsample/application\controllers\Favicon.ico.php: No such file or directory IN FILE D:\php_pro\yafsample\index.php ON LINE 6
[2015-11-12 16:22:40][error]Failed opening controller script D:\php_pro\yafsample/application\controllers\Favicon.ico.php: No such file or directory IN FILE D:\php_pro\yafsample\index.php ON LINE 6
[2015-11-12 16:34:54][error]Failed opening controller script D:\php_pro\yafsample/application\controllers\Favicon.ico.php: No such file or directory IN FILE D:\php_pro\yafsample\index.php ON LINE 6
[2015-11-12 16:35:00][error]Failed opening controller script D:\php_pro\yafsample/application\controllers\Favicon.ico.php: No such file or directory IN FILE D:\php_pro\yafsample\index.php ON LINE 6
[2015-11-12 16:41:19][error]Failed opening controller script D:\php_pro\yafsample/application\controllers\Favicon.ico.php: No such file or directory IN FILE D:\php_pro\yafsample\index.php ON LINE 6
[2015-11-12 16:43:22][error]Failed opening controller script D:\php_pro\yafsample/application\controllers\Favicon.ico.php: No such file or directory IN FILE D:\php_pro\yafsample\index.php ON LINE 6
[2015-11-12 16:56:33][error]Failed opening controller script D:\php_pro\yafsample/application\controllers\Favicon.ico.php: No such file or directory IN FILE D:\php_pro\yafsample\index.php ON LINE 6
[2015-11-12 16:59:46][error]Failed opening template D:\php_pro\yafsample/application\modules\Test\views\indexpage.phtml: No such file or directory IN FILE D:\php_pro\yafsample\application\modules\Test\views\home\index.phtml ON LINE 3
[2015-11-12 16:59:46][error]Failed opening controller script D:\php_pro\yafsample/application\controllers\Favicon.ico.php: No such file or directory IN FILE D:\php_pro\yafsample\index.php ON LINE 6
[2015-11-12 17:01:12][error]Failed opening template D:\php_pro\yafsample/application\modules\Test\views\/Test/home/indexpage: No such file or directory IN FILE D:\php_pro\yafsample\application\modules\Test\views\home\index.phtml ON LINE 3
[2015-11-12 17:01:12][error]Failed opening controller script D:\php_pro\yafsample/application\controllers\Favicon.ico.php: No such file or directory IN FILE D:\php_pro\yafsample\index.php ON LINE 6
[2015-11-12 17:01:31][error]Failed opening controller script D:\php_pro\yafsample/application\controllers\Favicon.ico.php: No such file or directory IN FILE D:\php_pro\yafsample\index.php ON LINE 6
[2015-11-12 17:01:42][error]Failed opening controller script D:\php_pro\yafsample/application\controllers\Favicon.ico.php: No such file or directory IN FILE D:\php_pro\yafsample\index.php ON LINE 6
[2015-11-12 17:02:58][error]Failed opening controller script D:\php_pro\yafsample/application\controllers\Favicon.ico.php: No such file or directory IN FILE D:\php_pro\yafsample\index.php ON LINE 6
[2015-11-12 17:09:41][error]Failed opening controller script D:\php_pro\yafsample/application\controllers\Favicon.ico.php: No such file or directory IN FILE D:\php_pro\yafsample\index.php ON LINE 6
[2015-11-12 17:10:05][error]Failed opening controller script D:\php_pro\yafsample/application\controllers\Favicon.ico.php: No such file or directory IN FILE D:\php_pro\yafsample\index.php ON LINE 6
[2015-11-12 17:18:04][error]Failed opening controller script D:\php_pro\yafsample/application\controllers\Favicon.ico.php: No such file or directory IN FILE D:\php_pro\yafsample\index.php ON LINE 6
[2015-11-12 17:27:25][error]Failed opening controller script D:\php_pro\yafsample/application\controllers\Favicon.ico.php: No such file or directory IN FILE D:\php_pro\yafsample\index.php ON LINE 6
[2015-11-12 17:33:08][error]Failed opening controller script D:\php_pro\yafsample/application\controllers\Favicon.ico.php: No such file or directory IN FILE D:\php_pro\yafsample\index.php ON LINE 6
[2015-11-12 17:34:56][error]Failed opening controller script D:\php_pro\yafsample/application\controllers\Favicon.ico.php: No such file or directory IN FILE D:\php_pro\yafsample\index.php ON LINE 6
[2015-11-12 17:36:48][error]Failed opening controller script D:\php_pro\yafsample/application\controllers\Favicon.ico.php: No such file or directory IN FILE D:\php_pro\yafsample\index.php ON LINE 6
[2015-11-12 17:37:38][error]Failed opening controller script D:\php_pro\yafsample/application\controllers\Favicon.ico.php: No such file or directory IN FILE D:\php_pro\yafsample\index.php ON LINE 6
[2015-11-12 17:37:51][error]There is no method indexpageAction in HomeController IN FILE D:\php_pro\yafsample\index.php ON LINE 6
[2015-11-12 17:38:01][error]Failed opening controller script D:\php_pro\yafsample/application\controllers\Favicon.ico.php: No such file or directory IN FILE D:\php_pro\yafsample\index.php ON LINE 6
[2015-11-12 17:38:04][error]Failed opening controller script D:\php_pro\yafsample/application\controllers\Favicon.ico.php: No such file or directory IN FILE D:\php_pro\yafsample\index.php ON LINE 6
[2015-11-12 17:38:05][error]Failed opening controller script D:\php_pro\yafsample/application\controllers\Favicon.ico.php: No such file or directory IN FILE D:\php_pro\yafsample\index.php ON LINE 6
[2015-11-12 17:38:06][error]Failed opening controller script D:\php_pro\yafsample/application\controllers\Favicon.ico.php: No such file or directory IN FILE D:\php_pro\yafsample\index.php ON LINE 6
[2015-11-12 17:38:06][error]Failed opening controller script D:\php_pro\yafsample/application\controllers\Favicon.ico.php: No such file or directory IN FILE D:\php_pro\yafsample\index.php ON LINE 6
[2015-11-12 17:38:08][error]Failed opening controller script D:\php_pro\yafsample/application\controllers\Favicon.ico.php: No such file or directory IN FILE D:\php_pro\yafsample\index.php ON LINE 6
[2015-11-12 17:38:08][error]Failed opening controller script D:\php_pro\yafsample/application\controllers\Favicon.ico.php: No such file or directory IN FILE D:\php_pro\yafsample\index.php ON LINE 6
[2015-11-12 17:38:08][error]Failed opening controller script D:\php_pro\yafsample/application\controllers\Favicon.ico.php: No such file or directory IN FILE D:\php_pro\yafsample\index.php ON LINE 6
[2015-11-12 17:38:09][error]Failed opening controller script D:\php_pro\yafsample/application\controllers\Favicon.ico.php: No such file or directory IN FILE D:\php_pro\yafsample\index.php ON LINE 6
[2015-11-12 17:38:09][error]Failed opening controller script D:\php_pro\yafsample/application\controllers\Favicon.ico.php: No such file or directory IN FILE D:\php_pro\yafsample\index.php ON LINE 6
[2015-11-12 17:39:33][error]Failed opening controller script D:\php_pro\yafsample/application\controllers\Favicon.ico.php: No such file or directory IN FILE D:\php_pro\yafsample\index.php ON LINE 6
[2015-11-12 17:44:21][error]Failed opening controller script D:\php_pro\yafsample/application\controllers\Favicon.ico.php: No such file or directory IN FILE D:\php_pro\yafsample\index.php ON LINE 6
[2015-11-12 17:44:38][error]Failed opening controller script D:\php_pro\yafsample/application\controllers\Favicon.ico.php: No such file or directory IN FILE D:\php_pro\yafsample\index.php ON LINE 6
[2015-11-12 17:44:42][error]Failed opening controller script D:\php_pro\yafsample/application\controllers\Favicon.ico.php: No such file or directory IN FILE D:\php_pro\yafsample\index.php ON LINE 6
[2015-11-12 17:47:07][error]Failed opening controller script D:\php_pro\yafsample/application\controllers\Favicon.ico.php: No such file or directory IN FILE D:\php_pro\yafsample\index.php ON LINE 6
[2015-11-12 17:47:18][error]Failed opening controller script D:\php_pro\yafsample/application\controllers\Favicon.ico.php: No such file or directory IN FILE D:\php_pro\yafsample\index.php ON LINE 6
[2015-11-12 17:49:00][error]Failed opening controller script D:\php_pro\yafsample/application\controllers\Favicon.ico.php: No such file or directory IN FILE D:\php_pro\yafsample\index.php ON LINE 6
[2015-11-12 17:51:50][error]Failed opening controller script D:\php_pro\yafsample/application\controllers\Favicon.ico.php: No such file or directory IN FILE D:\php_pro\yafsample\index.php ON LINE 6
[2015-11-12 17:52:17][error]Failed opening controller script D:\php_pro\yafsample/application\controllers\Favicon.ico.php: No such file or directory IN FILE D:\php_pro\yafsample\index.php ON LINE 6
[2015-11-12 17:52:36][error]Failed opening controller script D:\php_pro\yafsample/application\controllers\Favicon.ico.php: No such file or directory IN FILE D:\php_pro\yafsample\index.php ON LINE 6
[2015-11-12 17:53:46][error]Failed opening controller script D:\php_pro\yafsample/application\controllers\Favicon.ico.php: No such file or directory IN FILE D:\php_pro\yafsample\index.php ON LINE 6
[2015-11-12 17:54:57][error]Failed opening controller script D:\php_pro\yafsample/application\controllers\Favicon.ico.php: No such file or directory IN FILE D:\php_pro\yafsample\index.php ON LINE 6
[2015-11-12 17:55:19][error]Failed opening controller script D:\php_pro\yafsample/application\controllers\Favicon.ico.php: No such file or directory IN FILE D:\php_pro\yafsample\index.php ON LINE 6
[2015-11-12 17:55:37][error]Failed opening controller script D:\php_pro\yafsample/application\controllers\Favicon.ico.php: No such file or directory IN FILE D:\php_pro\yafsample\index.php ON LINE 6
[2015-11-12 17:55:58][error]Failed opening controller script D:\php_pro\yafsample/application\controllers\Favicon.ico.php: No such file or directory IN FILE D:\php_pro\yafsample\index.php ON LINE 6
[2015-11-12 17:56:01][error]Failed opening controller script D:\php_pro\yafsample/application\controllers\Favicon.ico.php: No such file or directory IN FILE D:\php_pro\yafsample\index.php ON LINE 6
[2015-11-12 17:56:13][error]Failed opening controller script D:\php_pro\yafsample/application\controllers\Favicon.ico.php: No such file or directory IN FILE D:\php_pro\yafsample\index.php ON LINE 6
[2015-11-12 17:56:45][error]Failed opening controller script D:\php_pro\yafsample/application\controllers\Favicon.ico.php: No such file or directory IN FILE D:\php_pro\yafsample\index.php ON LINE 6
[2015-11-12 17:59:08][error]Failed opening controller script D:\php_pro\yafsample/application\controllers\Favicon.ico.php: No such file or directory IN FILE D:\php_pro\yafsample\index.php ON LINE 6
[2015-11-12 17:59:09][error]Failed opening controller script D:\php_pro\yafsample/application\controllers\Favicon.ico.php: No such file or directory IN FILE D:\php_pro\yafsample\index.php ON LINE 6
[2015-11-12 17:59:42][error]Failed opening controller script D:\php_pro\yafsample/application\controllers\Favicon.ico.php: No such file or directory IN FILE D:\php_pro\yafsample\index.php ON LINE 6
[2015-11-12 18:00:27][error]Failed opening controller script D:\php_pro\yafsample/application\controllers\Favicon.ico.php: No such file or directory IN FILE D:\php_pro\yafsample\index.php ON LINE 6
[2015-11-12 18:01:41][error]Failed opening controller script D:\php_pro\yafsample/application\controllers\Favicon.ico.php: No such file or directory IN FILE D:\php_pro\yafsample\index.php ON LINE 6
[2015-11-12 18:03:01][error]Failed opening controller script D:\php_pro\yafsample/application\controllers\Favicon.ico.php: No such file or directory IN FILE D:\php_pro\yafsample\index.php ON LINE 6
[2015-11-12 18:04:21][error]Failed opening controller script D:\php_pro\yafsample/application\controllers\Favicon.ico.php: No such file or directory IN FILE D:\php_pro\yafsample\index.php ON LINE 6
[2015-11-12 18:05:07][error]Failed opening controller script D:\php_pro\yafsample/application\controllers\Favicon.ico.php: No such file or directory IN FILE D:\php_pro\yafsample\index.php ON LINE 6
[2015-11-12 18:05:25][error]Failed opening controller script D:\php_pro\yafsample/application\controllers\Favicon.ico.php: No such file or directory IN FILE D:\php_pro\yafsample\index.php ON LINE 6
