[2015-11-11 08:43:16][error]Failed opening controller script D:\php_pro\yafsample/application\controllers\Favicon.ico.php: No such file or directory IN FILE D:\php_pro\yafsample\index.php ON LINE 6
[2015-11-11 08:43:21][error]Failed opening controller script D:\php_pro\yafsample/application\controllers\Test.php: No such file or directory IN FILE D:\php_pro\yafsample\index.php ON LINE 6
[2015-11-11 08:43:21][error]Failed opening controller script D:\php_pro\yafsample/application\controllers\Favicon.ico.php: No such file or directory IN FILE D:\php_pro\yafsample\index.php ON LINE 6
[2015-11-11 08:43:24][error]Failed opening controller script D:\php_pro\yafsample/application\controllers\Favicon.ico.php: No such file or directory IN FILE D:\php_pro\yafsample\index.php ON LINE 6
[2015-11-11 08:43:26][error]exception 'PDOException' with message 'SQLSTATE[42S22]: Column not found: 1054 Unknown column 'id' in 'where clause'' in D:\php_pro\yafsample\application\library\DbMysql.php:170
Stack trace:
#0 D:\php_pro\yafsample\application\library\DbMysql.php(170): PDOStatement->execute()
#1 D:\php_pro\yafsample\application\library\DbMysql.php(220): DbMysql->select('test', Array, 1, NULL, NULL, false, false)
#2 D:\php_pro\yafsample\application\models\Test1.php(73): DbMysql->selectFirst('test', Array)
#3 D:\php_pro\yafsample\application\modules\Test\controllers\Home.php(54): Test1Model->GetByID('1')
#4 [internal function]: HomeController->editAction('1')
#5 D:\php_pro\yafsample\index.php(6): Yaf_Application->run()
#6 {main} IN FILE D:\php_pro\yafsample\application\library\DbMysql.php ON LINE 179
[2015-11-11 08:43:26][error]Failed opening controller script D:\php_pro\yafsample/application\controllers\Favicon.ico.php: No such file or directory IN FILE D:\php_pro\yafsample\index.php ON LINE 6
[2015-11-11 08:45:37][error]exception 'PDOException' with message 'SQLSTATE[42S22]: Column not found: 1054 Unknown column 'id' in 'where clause'' in D:\php_pro\yafsample\application\library\DbMysql.php:170
Stack trace:
#0 D:\php_pro\yafsample\application\library\DbMysql.php(170): PDOStatement->execute()
#1 D:\php_pro\yafsample\application\library\DbMysql.php(220): DbMysql->select('test', Array, 1, NULL, NULL, false, false)
#2 D:\php_pro\yafsample\application\models\Test1.php(73): DbMysql->selectFirst('test', Array)
#3 D:\php_pro\yafsample\application\modules\Test\controllers\Home.php(54): Test1Model->GetByID('1')
#4 [internal function]: HomeController->editAction('1')
#5 D:\php_pro\yafsample\index.php(6): Yaf_Application->run()
#6 {main} IN FILE D:\php_pro\yafsample\application\library\DbMysql.php ON LINE 179
[2015-11-11 08:45:37][error]Failed opening controller script D:\php_pro\yafsample/application\controllers\Favicon.ico.php: No such file or directory IN FILE D:\php_pro\yafsample\index.php ON LINE 6
[2015-11-11 08:45:42][error]Failed opening controller script D:\php_pro\yafsample/application\controllers\Favicon.ico.php: No such file or directory IN FILE D:\php_pro\yafsample\index.php ON LINE 6
[2015-11-11 08:50:24][error]exception 'PDOException' with message 'SQLSTATE[42S22]: Column not found: 1054 Unknown column 'id' in 'where clause'' in D:\php_pro\yafsample\application\library\DbMysql.php:170
Stack trace:
#0 D:\php_pro\yafsample\application\library\DbMysql.php(170): PDOStatement->execute()
#1 D:\php_pro\yafsample\application\library\DbMysql.php(220): DbMysql->select('test', Array, 1, NULL, NULL, false, false)
#2 D:\php_pro\yafsample\application\models\Test1.php(74): DbMysql->selectFirst('test', Array)
#3 D:\php_pro\yafsample\application\modules\Test\controllers\Home.php(54): Test1Model->GetByID('1')
#4 [internal function]: HomeController->editAction('1')
#5 D:\php_pro\yafsample\index.php(6): Yaf_Application->run()
#6 {main} IN FILE D:\php_pro\yafsample\application\library\DbMysql.php ON LINE 179
[2015-11-11 08:50:24][error]Failed opening controller script D:\php_pro\yafsample/application\controllers\Favicon.ico.php: No such file or directory IN FILE D:\php_pro\yafsample\index.php ON LINE 6
[2015-11-11 08:50:24][error]Failed opening controller script D:\php_pro\yafsample/application\controllers\Favicon.ico.php: No such file or directory IN FILE D:\php_pro\yafsample\index.php ON LINE 6
[2015-11-11 08:55:20][error]exception 'PDOException' with message 'SQLSTATE[42S22]: Column not found: 1054 Unknown column 'id' in 'where clause'' in D:\php_pro\yafsample\application\library\DbMysql.php:170
Stack trace:
#0 D:\php_pro\yafsample\application\library\DbMysql.php(170): PDOStatement->execute()
#1 D:\php_pro\yafsample\application\library\DbMysql.php(220): DbMysql->select('test', Array, 1, NULL, NULL, false, false)
#2 D:\php_pro\yafsample\application\models\Test1.php(74): DbMysql->selectFirst('test', Array)
#3 D:\php_pro\yafsample\application\modules\Test\controllers\Home.php(54): Test1Model->GetByID('1')
#4 [internal function]: HomeController->editAction('1')
#5 D:\php_pro\yafsample\index.php(6): Yaf_Application->run()
#6 {main} IN FILE D:\php_pro\yafsample\application\library\DbMysql.php ON LINE 179
[2015-11-11 08:55:20][error]Failed opening controller script D:\php_pro\yafsample/application\controllers\Favicon.ico.php: No such file or directory IN FILE D:\php_pro\yafsample\index.php ON LINE 6
[2015-11-11 08:57:38][error]Failed opening controller script D:\php_pro\yafsample/application\controllers\Favicon.ico.php: No such file or directory IN FILE D:\php_pro\yafsample\index.php ON LINE 6
[2015-11-11 08:57:58][error]Failed opening controller script D:\php_pro\yafsample/application\controllers\Favicon.ico.php: No such file or directory IN FILE D:\php_pro\yafsample\index.php ON LINE 6
[2015-11-11 08:58:04][error]Failed opening controller script D:\php_pro\yafsample/application\controllers\Favicon.ico.php: No such file or directory IN FILE D:\php_pro\yafsample\index.php ON LINE 6
[2015-11-11 08:58:17][error]Failed opening controller script D:\php_pro\yafsample/application\controllers\Favicon.ico.php: No such file or directory IN FILE D:\php_pro\yafsample\index.php ON LINE 6
[2015-11-11 08:58:23][error]Failed opening controller script D:\php_pro\yafsample/application\controllers\Favicon.ico.php: No such file or directory IN FILE D:\php_pro\yafsample\index.php ON LINE 6
[2015-11-11 08:58:26][error]Failed opening controller script D:\php_pro\yafsample/application\controllers\Favicon.ico.php: No such file or directory IN FILE D:\php_pro\yafsample\index.php ON LINE 6
[2015-11-11 08:58:28][error]Failed opening controller script D:\php_pro\yafsample/application\controllers\Favicon.ico.php: No such file or directory IN FILE D:\php_pro\yafsample\index.php ON LINE 6
[2015-11-11 08:58:30][error]Failed opening controller script D:\php_pro\yafsample/application\controllers\Favicon.ico.php: No such file or directory IN FILE D:\php_pro\yafsample\index.php ON LINE 6
[2015-11-11 08:58:40][error]Failed opening controller script D:\php_pro\yafsample/application\controllers\Favicon.ico.php: No such file or directory IN FILE D:\php_pro\yafsample\index.php ON LINE 6
[2015-11-11 08:58:43][error]Failed opening controller script D:\php_pro\yafsample/application\controllers\Favicon.ico.php: No such file or directory IN FILE D:\php_pro\yafsample\index.php ON LINE 6
[2015-11-11 08:58:46][error]Failed opening controller script D:\php_pro\yafsample/application\controllers\Favicon.ico.php: No such file or directory IN FILE D:\php_pro\yafsample\index.php ON LINE 6
[2015-11-11 09:01:05][error]Failed opening controller script D:\php_pro\yafsample/application\controllers\Favicon.ico.php: No such file or directory IN FILE D:\php_pro\yafsample\index.php ON LINE 6
[2015-11-11 09:05:34][error]Failed opening controller script D:\php_pro\yafsample/application\controllers\Favicon.ico.php: No such file or directory IN FILE D:\php_pro\yafsample\index.php ON LINE 6
[2015-11-11 09:05:36][error]Failed opening controller script D:\php_pro\yafsample/application\controllers\Favicon.ico.php: No such file or directory IN FILE D:\php_pro\yafsample\index.php ON LINE 6
[2015-11-11 09:05:38][error]Failed opening controller script D:\php_pro\yafsample/application\controllers\Favicon.ico.php: No such file or directory IN FILE D:\php_pro\yafsample\index.php ON LINE 6
[2015-11-11 09:05:39][error]Failed opening controller script D:\php_pro\yafsample/application\controllers\Favicon.ico.php: No such file or directory IN FILE D:\php_pro\yafsample\index.php ON LINE 6
[2015-11-11 09:05:41][error]Failed opening controller script D:\php_pro\yafsample/application\controllers\Favicon.ico.php: No such file or directory IN FILE D:\php_pro\yafsample\index.php ON LINE 6
[2015-11-11 09:05:42][error]Failed opening controller script D:\php_pro\yafsample/application\controllers\Favicon.ico.php: No such file or directory IN FILE D:\php_pro\yafsample\index.php ON LINE 6
[2015-11-11 09:05:43][error]Failed opening controller script D:\php_pro\yafsample/application\controllers\Favicon.ico.php: No such file or directory IN FILE D:\php_pro\yafsample\index.php ON LINE 6
[2015-11-11 09:05:49][error]Failed opening controller script D:\php_pro\yafsample/application\controllers\Favicon.ico.php: No such file or directory IN FILE D:\php_pro\yafsample\index.php ON LINE 6
[2015-11-11 09:06:02][error]Failed opening controller script D:\php_pro\yafsample/application\controllers\Favicon.ico.php: No such file or directory IN FILE D:\php_pro\yafsample\index.php ON LINE 6
[2015-11-11 09:06:09][error]Failed opening controller script D:\php_pro\yafsample/application\controllers\Favicon.ico.php: No such file or directory IN FILE D:\php_pro\yafsample\index.php ON LINE 6
[2015-11-11 09:06:12][error]Failed opening controller script D:\php_pro\yafsample/application\controllers\Favicon.ico.php: No such file or directory IN FILE D:\php_pro\yafsample\index.php ON LINE 6
[2015-11-11 09:06:12][error]Failed opening controller script D:\php_pro\yafsample/application\controllers\Favicon.ico.php: No such file or directory IN FILE D:\php_pro\yafsample\index.php ON LINE 6
[2015-11-11 09:06:14][error]Failed opening controller script D:\php_pro\yafsample/application\controllers\Favicon.ico.php: No such file or directory IN FILE D:\php_pro\yafsample\index.php ON LINE 6
[2015-11-11 09:06:14][error]Failed opening controller script D:\php_pro\yafsample/application\controllers\Favicon.ico.php: No such file or directory IN FILE D:\php_pro\yafsample\index.php ON LINE 6
[2015-11-11 09:06:15][error]Failed opening controller script D:\php_pro\yafsample/application\controllers\Favicon.ico.php: No such file or directory IN FILE D:\php_pro\yafsample\index.php ON LINE 6
[2015-11-11 09:06:15][error]Failed opening controller script D:\php_pro\yafsample/application\controllers\Favicon.ico.php: No such file or directory IN FILE D:\php_pro\yafsample\index.php ON LINE 6
[2015-11-11 09:06:17][error]Failed opening controller script D:\php_pro\yafsample/application\controllers\Favicon.ico.php: No such file or directory IN FILE D:\php_pro\yafsample\index.php ON LINE 6
[2015-11-11 09:06:17][error]Failed opening controller script D:\php_pro\yafsample/application\controllers\Favicon.ico.php: No such file or directory IN FILE D:\php_pro\yafsample\index.php ON LINE 6
[2015-11-11 09:06:20][error]Failed opening controller script D:\php_pro\yafsample/application\controllers\Favicon.ico.php: No such file or directory IN FILE D:\php_pro\yafsample\index.php ON LINE 6
[2015-11-11 09:06:22][error]Failed opening controller script D:\php_pro\yafsample/application\controllers\Favicon.ico.php: No such file or directory IN FILE D:\php_pro\yafsample\index.php ON LINE 6
[2015-11-11 09:06:22][error]Failed opening controller script D:\php_pro\yafsample/application\controllers\Favicon.ico.php: No such file or directory IN FILE D:\php_pro\yafsample\index.php ON LINE 6
[2015-11-11 09:06:23][error]Failed opening controller script D:\php_pro\yafsample/application\controllers\Favicon.ico.php: No such file or directory IN FILE D:\php_pro\yafsample\index.php ON LINE 6
[2015-11-11 09:06:24][error]Failed opening controller script D:\php_pro\yafsample/application\controllers\Favicon.ico.php: No such file or directory IN FILE D:\php_pro\yafsample\index.php ON LINE 6
[2015-11-11 09:06:27][error]Failed opening controller script D:\php_pro\yafsample/application\controllers\Favicon.ico.php: No such file or directory IN FILE D:\php_pro\yafsample\index.php ON LINE 6
[2015-11-11 09:06:28][error]Failed opening controller script D:\php_pro\yafsample/application\controllers\Favicon.ico.php: No such file or directory IN FILE D:\php_pro\yafsample\index.php ON LINE 6
[2015-11-11 09:06:36][error]Failed opening controller script D:\php_pro\yafsample/application\controllers\Favicon.ico.php: No such file or directory IN FILE D:\php_pro\yafsample\index.php ON LINE 6
[2015-11-11 09:06:36][error]Failed opening controller script D:\php_pro\yafsample/application\controllers\Favicon.ico.php: No such file or directory IN FILE D:\php_pro\yafsample\index.php ON LINE 6
[2015-11-11 09:06:38][error]Failed opening controller script D:\php_pro\yafsample/application\controllers\Favicon.ico.php: No such file or directory IN FILE D:\php_pro\yafsample\index.php ON LINE 6
[2015-11-11 09:06:38][error]Failed opening controller script D:\php_pro\yafsample/application\controllers\Favicon.ico.php: No such file or directory IN FILE D:\php_pro\yafsample\index.php ON LINE 6
[2015-11-11 09:06:40][error]Failed opening controller script D:\php_pro\yafsample/application\controllers\Favicon.ico.php: No such file or directory IN FILE D:\php_pro\yafsample\index.php ON LINE 6
[2015-11-11 09:06:40][error]Failed opening controller script D:\php_pro\yafsample/application\controllers\Favicon.ico.php: No such file or directory IN FILE D:\php_pro\yafsample\index.php ON LINE 6
[2015-11-11 09:06:42][error]Failed opening controller script D:\php_pro\yafsample/application\controllers\Favicon.ico.php: No such file or directory IN FILE D:\php_pro\yafsample\index.php ON LINE 6
[2015-11-11 09:06:43][error]Failed opening controller script D:\php_pro\yafsample/application\controllers\Favicon.ico.php: No such file or directory IN FILE D:\php_pro\yafsample\index.php ON LINE 6
[2015-11-11 09:06:46][error]Failed opening controller script D:\php_pro\yafsample/application\controllers\Favicon.ico.php: No such file or directory IN FILE D:\php_pro\yafsample\index.php ON LINE 6
[2015-11-11 09:06:46][error]Failed opening controller script D:\php_pro\yafsample/application\controllers\Favicon.ico.php: No such file or directory IN FILE D:\php_pro\yafsample\index.php ON LINE 6
[2015-11-11 09:06:48][error]Failed opening controller script D:\php_pro\yafsample/application\controllers\Favicon.ico.php: No such file or directory IN FILE D:\php_pro\yafsample\index.php ON LINE 6
[2015-11-11 09:06:49][error]Failed opening controller script D:\php_pro\yafsample/application\controllers\Favicon.ico.php: No such file or directory IN FILE D:\php_pro\yafsample\index.php ON LINE 6
[2015-11-11 09:16:14][error]Failed opening controller script D:\php_pro\yafsample/application\controllers\Favicon.ico.php: No such file or directory IN FILE D:\php_pro\yafsample\index.php ON LINE 6
[2015-11-11 09:16:17][error]Failed opening controller script D:\php_pro\yafsample/application\controllers\Favicon.ico.php: No such file or directory IN FILE D:\php_pro\yafsample\index.php ON LINE 6
[2015-11-11 09:16:21][error]Failed opening template D:\php_pro\yafsample/application\modules\Test\views\home\editdo.phtml: No such file or directory IN FILE D:\php_pro\yafsample\index.php ON LINE 6
[2015-11-11 09:16:22][error]Failed opening controller script D:\php_pro\yafsample/application\controllers\Favicon.ico.php: No such file or directory IN FILE D:\php_pro\yafsample\index.php ON LINE 6
[2015-11-11 09:17:02][error]Failed opening controller script D:\php_pro\yafsample/application\controllers\Favicon.ico.php: No such file or directory IN FILE D:\php_pro\yafsample\index.php ON LINE 6
[2015-11-11 09:17:17][error]Failed opening controller script D:\php_pro\yafsample/application\controllers\Favicon.ico.php: No such file or directory IN FILE D:\php_pro\yafsample\index.php ON LINE 6
[2015-11-11 09:17:22][error]Failed opening controller script D:\php_pro\yafsample/application\controllers\Favicon.ico.php: No such file or directory IN FILE D:\php_pro\yafsample\index.php ON LINE 6
[2015-11-11 09:18:15][error]Failed opening controller script D:\php_pro\yafsample/application\controllers\Favicon.ico.php: No such file or directory IN FILE D:\php_pro\yafsample\index.php ON LINE 6
[2015-11-11 09:18:22][error]Failed opening controller script D:\php_pro\yafsample/application\controllers\Favicon.ico.php: No such file or directory IN FILE D:\php_pro\yafsample\index.php ON LINE 6
[2015-11-11 09:18:24][error]Failed opening controller script D:\php_pro\yafsample/application\controllers\Favicon.ico.php: No such file or directory IN FILE D:\php_pro\yafsample\index.php ON LINE 6
[2015-11-11 09:18:26][error]Failed opening controller script D:\php_pro\yafsample/application\controllers\Favicon.ico.php: No such file or directory IN FILE D:\php_pro\yafsample\index.php ON LINE 6
[2015-11-11 09:18:32][error]Failed opening controller script D:\php_pro\yafsample/application\controllers\Favicon.ico.php: No such file or directory IN FILE D:\php_pro\yafsample\index.php ON LINE 6
[2015-11-11 09:20:07][error]Failed opening template D:\php_pro\yafsample/application\modules\Test\views\home\editdo.phtml: No such file or directory IN FILE D:\php_pro\yafsample\index.php ON LINE 6
[2015-11-11 09:20:08][error]Failed opening controller script D:\php_pro\yafsample/application\controllers\Favicon.ico.php: No such file or directory IN FILE D:\php_pro\yafsample\index.php ON LINE 6
[2015-11-11 09:20:12][error]Failed opening controller script D:\php_pro\yafsample/application\controllers\Favicon.ico.php: No such file or directory IN FILE D:\php_pro\yafsample\index.php ON LINE 6
[2015-11-11 09:20:21][error]Failed opening controller script D:\php_pro\yafsample/application\controllers\Favicon.ico.php: No such file or directory IN FILE D:\php_pro\yafsample\index.php ON LINE 6
[2015-11-11 09:20:55][error]Failed opening controller script D:\php_pro\yafsample/application\controllers\Admin.php: No such file or directory IN FILE D:\php_pro\yafsample\index.php ON LINE 6
[2015-11-11 09:20:59][error]Failed opening controller script D:\php_pro\yafsample/application\controllers\Admin.php: No such file or directory IN FILE D:\php_pro\yafsample\index.php ON LINE 6
[2015-11-11 09:21:01][error]Failed opening controller script D:\php_pro\yafsample/application\controllers\Favicon.ico.php: No such file or directory IN FILE D:\php_pro\yafsample\index.php ON LINE 6
[2015-11-11 09:29:36][error]Failed opening controller script D:\php_pro\yafsample/application\controllers\Favicon.ico.php: No such file or directory IN FILE D:\php_pro\yafsample\index.php ON LINE 6
[2015-11-11 09:30:23][error]Failed opening controller script D:\php_pro\yafsample/application\controllers\Favicon.ico.php: No such file or directory IN FILE D:\php_pro\yafsample\index.php ON LINE 6
[2015-11-11 09:30:27][error]Failed opening template D:\php_pro\yafsample/application\modules\Test\views\home\delete.phtml: No such file or directory IN FILE D:\php_pro\yafsample\index.php ON LINE 6
[2015-11-11 09:30:42][error]Failed opening controller script D:\php_pro\yafsample/application\controllers\Favicon.ico.php: No such file or directory IN FILE D:\php_pro\yafsample\index.php ON LINE 6
[2015-11-11 09:31:26][error]Failed opening controller script D:\php_pro\yafsample/application\controllers\Favicon.ico.php: No such file or directory IN FILE D:\php_pro\yafsample\index.php ON LINE 6
[2015-11-11 09:31:29][error]Failed opening controller script D:\php_pro\yafsample/application\controllers\Favicon.ico.php: No such file or directory IN FILE D:\php_pro\yafsample\index.php ON LINE 6
[2015-11-11 09:31:35][error]Failed opening controller script D:\php_pro\yafsample/application\controllers\Favicon.ico.php: No such file or directory IN FILE D:\php_pro\yafsample\index.php ON LINE 6
[2015-11-11 09:32:38][error]Failed opening controller script D:\php_pro\yafsample/application\controllers\Favicon.ico.php: No such file or directory IN FILE D:\php_pro\yafsample\index.php ON LINE 6
[2015-11-11 09:33:08][error]Failed opening controller script D:\php_pro\yafsample/application\controllers\Favicon.ico.php: No such file or directory IN FILE D:\php_pro\yafsample\index.php ON LINE 6
[2015-11-11 09:33:17][error]Failed opening controller script D:\php_pro\yafsample/application\controllers\Favicon.ico.php: No such file or directory IN FILE D:\php_pro\yafsample\index.php ON LINE 6
[2015-11-11 09:33:17][error]Failed opening controller script D:\php_pro\yafsample/application\controllers\Favicon.ico.php: No such file or directory IN FILE D:\php_pro\yafsample\index.php ON LINE 6
[2015-11-11 09:33:20][error]Failed opening controller script D:\php_pro\yafsample/application\controllers\Favicon.ico.php: No such file or directory IN FILE D:\php_pro\yafsample\index.php ON LINE 6
[2015-11-11 09:33:20][error]Failed opening controller script D:\php_pro\yafsample/application\controllers\Favicon.ico.php: No such file or directory IN FILE D:\php_pro\yafsample\index.php ON LINE 6
[2015-11-11 09:33:21][error]Failed opening controller script D:\php_pro\yafsample/application\controllers\Favicon.ico.php: No such file or directory IN FILE D:\php_pro\yafsample\index.php ON LINE 6
[2015-11-11 09:33:23][error]Failed opening controller script D:\php_pro\yafsample/application\controllers\Favicon.ico.php: No such file or directory IN FILE D:\php_pro\yafsample\index.php ON LINE 6
[2015-11-11 09:33:26][error]Failed opening controller script D:\php_pro\yafsample/application\controllers\Favicon.ico.php: No such file or directory IN FILE D:\php_pro\yafsample\index.php ON LINE 6
[2015-11-11 09:33:26][error]Failed opening controller script D:\php_pro\yafsample/application\controllers\Favicon.ico.php: No such file or directory IN FILE D:\php_pro\yafsample\index.php ON LINE 6
[2015-11-11 09:33:27][error]Failed opening controller script D:\php_pro\yafsample/application\controllers\Favicon.ico.php: No such file or directory IN FILE D:\php_pro\yafsample\index.php ON LINE 6
[2015-11-11 09:33:29][error]Failed opening controller script D:\php_pro\yafsample/application\controllers\Favicon.ico.php: No such file or directory IN FILE D:\php_pro\yafsample\index.php ON LINE 6
[2015-11-11 09:33:32][error]Failed opening controller script D:\php_pro\yafsample/application\controllers\Favicon.ico.php: No such file or directory IN FILE D:\php_pro\yafsample\index.php ON LINE 6
[2015-11-11 09:33:32][error]Failed opening controller script D:\php_pro\yafsample/application\controllers\Favicon.ico.php: No such file or directory IN FILE D:\php_pro\yafsample\index.php ON LINE 6
[2015-11-11 09:33:35][error]Failed opening controller script D:\php_pro\yafsample/application\controllers\Favicon.ico.php: No such file or directory IN FILE D:\php_pro\yafsample\index.php ON LINE 6
[2015-11-11 09:33:35][error]Failed opening controller script D:\php_pro\yafsample/application\controllers\Favicon.ico.php: No such file or directory IN FILE D:\php_pro\yafsample\index.php ON LINE 6
[2015-11-11 09:33:35][error]Failed opening controller script D:\php_pro\yafsample/application\controllers\Favicon.ico.php: No such file or directory IN FILE D:\php_pro\yafsample\index.php ON LINE 6
[2015-11-11 09:33:38][error]Failed opening controller script D:\php_pro\yafsample/application\controllers\Favicon.ico.php: No such file or directory IN FILE D:\php_pro\yafsample\index.php ON LINE 6
[2015-11-11 09:33:40][error]Failed opening controller script D:\php_pro\yafsample/application\controllers\Favicon.ico.php: No such file or directory IN FILE D:\php_pro\yafsample\index.php ON LINE 6
[2015-11-11 09:33:40][error]Failed opening controller script D:\php_pro\yafsample/application\controllers\Favicon.ico.php: No such file or directory IN FILE D:\php_pro\yafsample\index.php ON LINE 6
[2015-11-11 09:35:11][error]Failed opening controller script D:\php_pro\yafsample/application\controllers\Favicon.ico.php: No such file or directory IN FILE D:\php_pro\yafsample\index.php ON LINE 6
[2015-11-11 09:35:15][error]Failed opening controller script D:\php_pro\yafsample/application\controllers\Favicon.ico.php: No such file or directory IN FILE D:\php_pro\yafsample\index.php ON LINE 6
[2015-11-11 09:35:15][error]Failed opening controller script D:\php_pro\yafsample/application\controllers\Favicon.ico.php: No such file or directory IN FILE D:\php_pro\yafsample\index.php ON LINE 6
[2015-11-11 09:35:33][error]Failed opening controller script D:\php_pro\yafsample/application\controllers\Favicon.ico.php: No such file or directory IN FILE D:\php_pro\yafsample\index.php ON LINE 6
[2015-11-11 09:35:35][error]Failed opening controller script D:\php_pro\yafsample/application\controllers\Favicon.ico.php: No such file or directory IN FILE D:\php_pro\yafsample\index.php ON LINE 6
[2015-11-11 09:35:38][error]Failed opening controller script D:\php_pro\yafsample/application\controllers\Favicon.ico.php: No such file or directory IN FILE D:\php_pro\yafsample\index.php ON LINE 6
[2015-11-11 09:35:38][error]Failed opening controller script D:\php_pro\yafsample/application\controllers\Favicon.ico.php: No such file or directory IN FILE D:\php_pro\yafsample\index.php ON LINE 6
[2015-11-11 09:35:40][error]Failed opening controller script D:\php_pro\yafsample/application\controllers\Favicon.ico.php: No such file or directory IN FILE D:\php_pro\yafsample\index.php ON LINE 6
[2015-11-11 09:35:42][error]Failed opening controller script D:\php_pro\yafsample/application\controllers\Favicon.ico.php: No such file or directory IN FILE D:\php_pro\yafsample\index.php ON LINE 6
[2015-11-11 09:35:42][error]Failed opening controller script D:\php_pro\yafsample/application\controllers\Favicon.ico.php: No such file or directory IN FILE D:\php_pro\yafsample\index.php ON LINE 6
[2015-11-11 09:35:43][error]Failed opening controller script D:\php_pro\yafsample/application\controllers\Favicon.ico.php: No such file or directory IN FILE D:\php_pro\yafsample\index.php ON LINE 6
[2015-11-11 09:35:46][error]Failed opening controller script D:\php_pro\yafsample/application\controllers\Favicon.ico.php: No such file or directory IN FILE D:\php_pro\yafsample\index.php ON LINE 6
[2015-11-11 09:35:46][error]Failed opening controller script D:\php_pro\yafsample/application\controllers\Favicon.ico.php: No such file or directory IN FILE D:\php_pro\yafsample\index.php ON LINE 6
[2015-11-11 09:35:49][error]Failed opening controller script D:\php_pro\yafsample/application\controllers\Favicon.ico.php: No such file or directory IN FILE D:\php_pro\yafsample\index.php ON LINE 6
[2015-11-11 10:15:52][error]Failed opening controller script D:\php_pro\yafsample/application\controllers\Favicon.ico.php: No such file or directory IN FILE D:\php_pro\yafsample\index.php ON LINE 6
[2015-11-11 10:19:12][error]Failed opening controller script D:\php_pro\yafsample/application\controllers\Favicon.ico.php: No such file or directory IN FILE D:\php_pro\yafsample\index.php ON LINE 6
[2015-11-11 10:19:12][error]Failed opening controller script D:\php_pro\yafsample/application\controllers\Favicon.ico.php: No such file or directory IN FILE D:\php_pro\yafsample\index.php ON LINE 6
[2015-11-11 10:48:24][error]Failed opening controller script D:\php_pro\yafsample/application\controllers\Favicon.ico.php: No such file or directory IN FILE D:\php_pro\yafsample\index.php ON LINE 6
[2015-11-11 10:48:34][error]Failed opening controller script D:\php_pro\yafsample/application\controllers\Favicon.ico.php: No such file or directory IN FILE D:\php_pro\yafsample\index.php ON LINE 6
[2015-11-11 10:51:42][error]Failed opening controller script D:\php_pro\yafsample/application\controllers\Favicon.ico.php: No such file or directory IN FILE D:\php_pro\yafsample\index.php ON LINE 6
[2015-11-11 10:51:56][error]Failed opening controller script D:\php_pro\yafsample/application\controllers\Favicon.ico.php: No such file or directory IN FILE D:\php_pro\yafsample\index.php ON LINE 6
[2015-11-11 10:51:58][error]Failed opening controller script D:\php_pro\yafsample/application\controllers\Favicon.ico.php: No such file or directory IN FILE D:\php_pro\yafsample\index.php ON LINE 6
[2015-11-11 10:54:01][error]Failed opening controller script D:\php_pro\yafsample/application\controllers\Favicon.ico.php: No such file or directory IN FILE D:\php_pro\yafsample\index.php ON LINE 6
[2015-11-11 10:54:09][error]Failed opening controller script D:\php_pro\yafsample/application\controllers\Favicon.ico.php: No such file or directory IN FILE D:\php_pro\yafsample\index.php ON LINE 6
[2015-11-11 10:54:10][error]Failed opening controller script D:\php_pro\yafsample/application\controllers\Favicon.ico.php: No such file or directory IN FILE D:\php_pro\yafsample\index.php ON LINE 6
[2015-11-11 10:58:13][error]Failed opening controller script D:\php_pro\yafsample/application\controllers\Favicon.ico.php: No such file or directory IN FILE D:\php_pro\yafsample\index.php ON LINE 6
[2015-11-11 10:58:13][error]Failed opening controller script D:\php_pro\yafsample/application\controllers\Favicon.ico.php: No such file or directory IN FILE D:\php_pro\yafsample\index.php ON LINE 6
[2015-11-11 11:01:27][error]Failed opening controller script D:\php_pro\yafsample/application\controllers\Favicon.ico.php: No such file or directory IN FILE D:\php_pro\yafsample\index.php ON LINE 6
[2015-11-11 11:01:31][error]Failed opening controller script D:\php_pro\yafsample/application\controllers\Favicon.ico.php: No such file or directory IN FILE D:\php_pro\yafsample\index.php ON LINE 6
[2015-11-11 11:01:33][error]Failed opening controller script D:\php_pro\yafsample/application\controllers\Favicon.ico.php: No such file or directory IN FILE D:\php_pro\yafsample\index.php ON LINE 6
[2015-11-11 11:16:29][error]Failed opening controller script D:\php_pro\yafsample/application\controllers\Favicon.ico.php: No such file or directory IN FILE D:\php_pro\yafsample\index.php ON LINE 6
[2015-11-11 11:16:29][error]Failed opening controller script D:\php_pro\yafsample/application\controllers\Favicon.ico.php: No such file or directory IN FILE D:\php_pro\yafsample\index.php ON LINE 6
[2015-11-11 11:16:30][error]Failed opening controller script D:\php_pro\yafsample/application\controllers\Favicon.ico.php: No such file or directory IN FILE D:\php_pro\yafsample\index.php ON LINE 6
[2015-11-11 11:16:37][error]Failed opening controller script D:\php_pro\yafsample/application\controllers\Favicon.ico.php: No such file or directory IN FILE D:\php_pro\yafsample\index.php ON LINE 6
[2015-11-11 11:16:38][error]Failed opening controller script D:\php_pro\yafsample/application\controllers\Favicon.ico.php: No such file or directory IN FILE D:\php_pro\yafsample\index.php ON LINE 6
[2015-11-11 11:24:09][error]Failed opening controller script D:\php_pro\yafsample/application\controllers\Favicon.ico.php: No such file or directory IN FILE D:\php_pro\yafsample\index.php ON LINE 6
[2015-11-11 11:24:09][error]Failed opening controller script D:\php_pro\yafsample/application\controllers\Favicon.ico.php: No such file or directory IN FILE D:\php_pro\yafsample\index.php ON LINE 6
[2015-11-11 11:24:11][error]Failed opening controller script D:\php_pro\yafsample/application\controllers\Favicon.ico.php: No such file or directory IN FILE D:\php_pro\yafsample\index.php ON LINE 6
[2015-11-11 11:24:16][error]Failed opening controller script D:\php_pro\yafsample/application\controllers\Favicon.ico.php: No such file or directory IN FILE D:\php_pro\yafsample\index.php ON LINE 6
[2015-11-11 11:24:17][error]Failed opening controller script D:\php_pro\yafsample/application\controllers\Favicon.ico.php: No such file or directory IN FILE D:\php_pro\yafsample\index.php ON LINE 6
[2015-11-11 11:26:34][error]Failed opening controller script D:\php_pro\yafsample/application\controllers\Favicon.ico.php: No such file or directory IN FILE D:\php_pro\yafsample\index.php ON LINE 6
[2015-11-11 11:27:03][error]Failed opening controller script D:\php_pro\yafsample/application\controllers\Favicon.ico.php: No such file or directory IN FILE D:\php_pro\yafsample\index.php ON LINE 6
[2015-11-11 11:27:06][error]Failed opening controller script D:\php_pro\yafsample/application\controllers\Favicon.ico.php: No such file or directory IN FILE D:\php_pro\yafsample\index.php ON LINE 6
[2015-11-11 11:38:51][error]Failed opening controller script D:\php_pro\yafsample/application\controllers\Favicon.ico.php: No such file or directory IN FILE D:\php_pro\yafsample\index.php ON LINE 6
[2015-11-11 11:38:51][error]Failed opening controller script D:\php_pro\yafsample/application\controllers\Favicon.ico.php: No such file or directory IN FILE D:\php_pro\yafsample\index.php ON LINE 6
[2015-11-11 11:38:57][error]Failed opening controller script D:\php_pro\yafsample/application\controllers\Favicon.ico.php: No such file or directory IN FILE D:\php_pro\yafsample\index.php ON LINE 6
[2015-11-11 11:38:58][error]Failed opening controller script D:\php_pro\yafsample/application\controllers\Favicon.ico.php: No such file or directory IN FILE D:\php_pro\yafsample\index.php ON LINE 6
[2015-11-11 11:39:42][error]Failed opening controller script D:\php_pro\yafsample/application\controllers\Favicon.ico.php: No such file or directory IN FILE D:\php_pro\yafsample\index.php ON LINE 6
[2015-11-11 11:40:21][error]Failed opening controller script D:\php_pro\yafsample/application\controllers\Favicon.ico.php: No such file or directory IN FILE D:\php_pro\yafsample\index.php ON LINE 6
[2015-11-11 11:40:24][error]Failed opening controller script D:\php_pro\yafsample/application\controllers\Favicon.ico.php: No such file or directory IN FILE D:\php_pro\yafsample\index.php ON LINE 6
[2015-11-11 11:47:10][error]Failed opening controller script D:\php_pro\yafsample/application\controllers\Favicon.ico.php: No such file or directory IN FILE D:\php_pro\yafsample\index.php ON LINE 6
[2015-11-11 11:47:10][error]Failed opening controller script D:\php_pro\yafsample/application\controllers\Favicon.ico.php: No such file or directory IN FILE D:\php_pro\yafsample\index.php ON LINE 6
[2015-11-11 11:47:51][error]Failed opening controller script D:\php_pro\yafsample/application\controllers\Favicon.ico.php: No such file or directory IN FILE D:\php_pro\yafsample\index.php ON LINE 6
[2015-11-11 11:48:11][error]Failed opening controller script D:\php_pro\yafsample/application\controllers\Favicon.ico.php: No such file or directory IN FILE D:\php_pro\yafsample\index.php ON LINE 6
[2015-11-11 11:48:13][error]Failed opening controller script D:\php_pro\yafsample/application\controllers\Favicon.ico.php: No such file or directory IN FILE D:\php_pro\yafsample\index.php ON LINE 6
[2015-11-11 11:53:42][error]Failed opening controller script D:\php_pro\yafsample/application\controllers\Favicon.ico.php: No such file or directory IN FILE D:\php_pro\yafsample\index.php ON LINE 6
[2015-11-11 11:53:42][error]Failed opening controller script D:\php_pro\yafsample/application\controllers\Favicon.ico.php: No such file or directory IN FILE D:\php_pro\yafsample\index.php ON LINE 6
[2015-11-11 11:53:43][error]Failed opening controller script D:\php_pro\yafsample/application\controllers\Favicon.ico.php: No such file or directory IN FILE D:\php_pro\yafsample\index.php ON LINE 6
[2015-11-11 11:53:48][error]Failed opening controller script D:\php_pro\yafsample/application\controllers\Favicon.ico.php: No such file or directory IN FILE D:\php_pro\yafsample\index.php ON LINE 6
[2015-11-11 11:53:49][error]Failed opening controller script D:\php_pro\yafsample/application\controllers\Favicon.ico.php: No such file or directory IN FILE D:\php_pro\yafsample\index.php ON LINE 6
[2015-11-11 14:58:33][error]Failed opening controller script D:\php_pro\yafsample/application\controllers\Favicon.ico.php: No such file or directory IN FILE D:\php_pro\yafsample\index.php ON LINE 6
[2015-11-11 14:58:33][error]Failed opening controller script D:\php_pro\yafsample/application\controllers\Favicon.ico.php: No such file or directory IN FILE D:\php_pro\yafsample\index.php ON LINE 6
[2015-11-11 14:58:40][error]Failed opening controller script D:\php_pro\yafsample/application\controllers\Favicon.ico.php: No such file or directory IN FILE D:\php_pro\yafsample\index.php ON LINE 6
[2015-11-11 14:58:41][error]Failed opening controller script D:\php_pro\yafsample/application\controllers\Favicon.ico.php: No such file or directory IN FILE D:\php_pro\yafsample\index.php ON LINE 6
[2015-11-11 14:58:48][error]Failed opening controller script D:\php_pro\yafsample/application\controllers\Favicon.ico.php: No such file or directory IN FILE D:\php_pro\yafsample\index.php ON LINE 6
[2015-11-11 14:59:10][error]Failed opening controller script D:\php_pro\yafsample/application\controllers\Favicon.ico.php: No such file or directory IN FILE D:\php_pro\yafsample\index.php ON LINE 6
[2015-11-11 14:59:23][error]Failed opening controller script D:\php_pro\yafsample/application\controllers\Favicon.ico.php: No such file or directory IN FILE D:\php_pro\yafsample\index.php ON LINE 6
[2015-11-11 14:59:27][error]Failed opening controller script D:\php_pro\yafsample/application\controllers\Favicon.ico.php: No such file or directory IN FILE D:\php_pro\yafsample\index.php ON LINE 6
[2015-11-11 14:59:32][error]Failed opening controller script D:\php_pro\yafsample/application\controllers\Favicon.ico.php: No such file or directory IN FILE D:\php_pro\yafsample\index.php ON LINE 6
[2015-11-11 14:59:36][error]Failed opening controller script D:\php_pro\yafsample/application\controllers\Favicon.ico.php: No such file or directory IN FILE D:\php_pro\yafsample\index.php ON LINE 6
[2015-11-11 15:04:40][error]Failed opening controller script D:\php_pro\yafsample/application\controllers\Favicon.ico.php: No such file or directory IN FILE D:\php_pro\yafsample\index.php ON LINE 6
[2015-11-11 15:04:41][error]Failed opening controller script D:\php_pro\yafsample/application\controllers\Favicon.ico.php: No such file or directory IN FILE D:\php_pro\yafsample\index.php ON LINE 6
[2015-11-11 15:21:10][error]Failed opening controller script D:\php_pro\yafsample/application\controllers\Favicon.ico.php: No such file or directory IN FILE D:\php_pro\yafsample\index.php ON LINE 6
[2015-11-11 15:22:10][error]Failed opening controller script D:\php_pro\yafsample/application\controllers\Favicon.ico.php: No such file or directory IN FILE D:\php_pro\yafsample\index.php ON LINE 6
[2015-11-11 15:22:22][error]Failed opening controller script D:\php_pro\yafsample/application\controllers\Favicon.ico.php: No such file or directory IN FILE D:\php_pro\yafsample\index.php ON LINE 6
[2015-11-11 15:24:44][error]Failed opening controller script D:\php_pro\yafsample/application\controllers\Favicon.ico.php: No such file or directory IN FILE D:\php_pro\yafsample\index.php ON LINE 6
[2015-11-11 15:24:54][error]Failed opening controller script D:\php_pro\yafsample/application\controllers\Favicon.ico.php: No such file or directory IN FILE D:\php_pro\yafsample\index.php ON LINE 6
[2015-11-11 15:24:56][error]Failed opening controller script D:\php_pro\yafsample/application\controllers\Favicon.ico.php: No such file or directory IN FILE D:\php_pro\yafsample\index.php ON LINE 6
[2015-11-11 15:25:18][error]Failed opening controller script D:\php_pro\yafsample/application\controllers\Favicon.ico.php: No such file or directory IN FILE D:\php_pro\yafsample\index.php ON LINE 6
[2015-11-11 15:25:57][error]Failed opening controller script D:\php_pro\yafsample/application\controllers\Favicon.ico.php: No such file or directory IN FILE D:\php_pro\yafsample\index.php ON LINE 6
[2015-11-11 15:26:18][error]Failed opening controller script D:\php_pro\yafsample/application\controllers\Favicon.ico.php: No such file or directory IN FILE D:\php_pro\yafsample\index.php ON LINE 6
[2015-11-11 15:26:23][error]Failed opening controller script D:\php_pro\yafsample/application\controllers\Favicon.ico.php: No such file or directory IN FILE D:\php_pro\yafsample\index.php ON LINE 6
[2015-11-11 15:26:58][error]Failed opening controller script D:\php_pro\yafsample/application\controllers\Favicon.ico.php: No such file or directory IN FILE D:\php_pro\yafsample\index.php ON LINE 6
[2015-11-11 15:27:54][error]Failed opening controller script D:\php_pro\yafsample/application\controllers\Favicon.ico.php: No such file or directory IN FILE D:\php_pro\yafsample\index.php ON LINE 6
[2015-11-11 15:27:56][error]Failed opening controller script D:\php_pro\yafsample/application\controllers\Favicon.ico.php: No such file or directory IN FILE D:\php_pro\yafsample\index.php ON LINE 6
[2015-11-11 15:30:06][error]Failed opening controller script D:\php_pro\yafsample/application\controllers\Favicon.ico.php: No such file or directory IN FILE D:\php_pro\yafsample\index.php ON LINE 6
[2015-11-11 15:32:25][error]Failed opening controller script D:\php_pro\yafsample/application\controllers\Favicon.ico.php: No such file or directory IN FILE D:\php_pro\yafsample\index.php ON LINE 6
[2015-11-11 15:32:28][error]Failed opening controller script D:\php_pro\yafsample/application\controllers\Favicon.ico.php: No such file or directory IN FILE D:\php_pro\yafsample\index.php ON LINE 6
[2015-11-11 15:32:29][error]Failed opening controller script D:\php_pro\yafsample/application\controllers\Favicon.ico.php: No such file or directory IN FILE D:\php_pro\yafsample\index.php ON LINE 6
[2015-11-11 15:35:43][error]Failed opening controller script D:\php_pro\yafsample/application\controllers\Favicon.ico.php: No such file or directory IN FILE D:\php_pro\yafsample\index.php ON LINE 6
[2015-11-11 15:35:43][error]Failed opening controller script D:\php_pro\yafsample/application\controllers\Favicon.ico.php: No such file or directory IN FILE D:\php_pro\yafsample\index.php ON LINE 6
[2015-11-11 15:35:47][error]Failed opening controller script D:\php_pro\yafsample/application\controllers\Favicon.ico.php: No such file or directory IN FILE D:\php_pro\yafsample\index.php ON LINE 6
[2015-11-11 15:35:48][error]Failed opening controller script D:\php_pro\yafsample/application\controllers\Favicon.ico.php: No such file or directory IN FILE D:\php_pro\yafsample\index.php ON LINE 6
[2015-11-11 15:35:52][error]Failed opening controller script D:\php_pro\yafsample/application\controllers\Favicon.ico.php: No such file or directory IN FILE D:\php_pro\yafsample\index.php ON LINE 6
[2015-11-11 15:41:23][error]Failed opening controller script D:\php_pro\yafsample/application\controllers\Favicon.ico.php: No such file or directory IN FILE D:\php_pro\yafsample\index.php ON LINE 6
[2015-11-11 15:41:23][error]Failed opening controller script D:\php_pro\yafsample/application\controllers\Favicon.ico.php: No such file or directory IN FILE D:\php_pro\yafsample\index.php ON LINE 6
[2015-11-11 15:41:27][error]Failed opening controller script D:\php_pro\yafsample/application\controllers\Favicon.ico.php: No such file or directory IN FILE D:\php_pro\yafsample\index.php ON LINE 6
[2015-11-11 15:41:27][error]Failed opening controller script D:\php_pro\yafsample/application\controllers\Favicon.ico.php: No such file or directory IN FILE D:\php_pro\yafsample\index.php ON LINE 6
[2015-11-11 15:41:32][error]Failed opening controller script D:\php_pro\yafsample/application\controllers\Favicon.ico.php: No such file or directory IN FILE D:\php_pro\yafsample\index.php ON LINE 6
[2015-11-11 15:41:35][error]Failed opening controller script D:\php_pro\yafsample/application\controllers\Favicon.ico.php: No such file or directory IN FILE D:\php_pro\yafsample\index.php ON LINE 6
[2015-11-11 15:41:35][error]Failed opening controller script D:\php_pro\yafsample/application\controllers\Favicon.ico.php: No such file or directory IN FILE D:\php_pro\yafsample\index.php ON LINE 6
[2015-11-11 15:41:44][error]Failed opening controller script D:\php_pro\yafsample/application\controllers\Favicon.ico.php: No such file or directory IN FILE D:\php_pro\yafsample\index.php ON LINE 6
[2015-11-11 15:42:01][error]Failed opening controller script D:\php_pro\yafsample/application\controllers\Favicon.ico.php: No such file or directory IN FILE D:\php_pro\yafsample\index.php ON LINE 6
[2015-11-11 15:42:02][error]Failed opening controller script D:\php_pro\yafsample/application\controllers\Favicon.ico.php: No such file or directory IN FILE D:\php_pro\yafsample\index.php ON LINE 6
[2015-11-11 15:42:06][error]Failed opening controller script D:\php_pro\yafsample/application\controllers\Favicon.ico.php: No such file or directory IN FILE D:\php_pro\yafsample\index.php ON LINE 6
[2015-11-11 15:47:21][error]Failed opening controller script D:\php_pro\yafsample/application\controllers\Favicon.ico.php: No such file or directory IN FILE D:\php_pro\yafsample\index.php ON LINE 6
[2015-11-11 15:47:21][error]Failed opening controller script D:\php_pro\yafsample/application\controllers\Favicon.ico.php: No such file or directory IN FILE D:\php_pro\yafsample\index.php ON LINE 6
[2015-11-11 15:47:24][error]Failed opening controller script D:\php_pro\yafsample/application\controllers\Favicon.ico.php: No such file or directory IN FILE D:\php_pro\yafsample\index.php ON LINE 6
[2015-11-11 15:47:26][error]Failed opening controller script D:\php_pro\yafsample/application\controllers\Favicon.ico.php: No such file or directory IN FILE D:\php_pro\yafsample\index.php ON LINE 6
[2015-11-11 15:47:40][error]Failed opening controller script D:\php_pro\yafsample/application\controllers\Favicon.ico.php: No such file or directory IN FILE D:\php_pro\yafsample\index.php ON LINE 6
[2015-11-11 15:48:08][error]Failed opening controller script D:\php_pro\yafsample/application\controllers\Favicon.ico.php: No such file or directory IN FILE D:\php_pro\yafsample\index.php ON LINE 6
[2015-11-11 15:48:24][error]Failed opening controller script D:\php_pro\yafsample/application\controllers\Favicon.ico.php: No such file or directory IN FILE D:\php_pro\yafsample\index.php ON LINE 6
[2015-11-11 15:48:24][error]Failed opening controller script D:\php_pro\yafsample/application\controllers\Favicon.ico.php: No such file or directory IN FILE D:\php_pro\yafsample\index.php ON LINE 6
[2015-11-11 15:50:04][error]Failed opening controller script D:\php_pro\yafsample/application\controllers\Favicon.ico.php: No such file or directory IN FILE D:\php_pro\yafsample\index.php ON LINE 6
[2015-11-11 15:50:17][error]Failed opening controller script D:\php_pro\yafsample/application\controllers\Favicon.ico.php: No such file or directory IN FILE D:\php_pro\yafsample\index.php ON LINE 6
[2015-11-11 15:50:17][error]Failed opening controller script D:\php_pro\yafsample/application\controllers\Favicon.ico.php: No such file or directory IN FILE D:\php_pro\yafsample\index.php ON LINE 6
[2015-11-11 15:51:12][error]Failed opening controller script D:\php_pro\yafsample/application\controllers\Favicon.ico.php: No such file or directory IN FILE D:\php_pro\yafsample\index.php ON LINE 6
[2015-11-11 15:51:37][error]Failed opening controller script D:\php_pro\yafsample/application\controllers\Favicon.ico.php: No such file or directory IN FILE D:\php_pro\yafsample\index.php ON LINE 6
[2015-11-11 15:51:44][error]Failed opening controller script D:\php_pro\yafsample/application\controllers\Favicon.ico.php: No such file or directory IN FILE D:\php_pro\yafsample\index.php ON LINE 6
[2015-11-11 15:51:46][error]Failed opening controller script D:\php_pro\yafsample/application\controllers\Favicon.ico.php: No such file or directory IN FILE D:\php_pro\yafsample\index.php ON LINE 6
[2015-11-11 15:52:26][error]Failed opening controller script D:\php_pro\yafsample/application\controllers\Favicon.ico.php: No such file or directory IN FILE D:\php_pro\yafsample\index.php ON LINE 6
[2015-11-11 15:52:27][error]Failed opening controller script D:\php_pro\yafsample/application\controllers\Favicon.ico.php: No such file or directory IN FILE D:\php_pro\yafsample\index.php ON LINE 6
[2015-11-11 15:52:33][error]Failed opening controller script D:\php_pro\yafsample/application\controllers\Favicon.ico.php: No such file or directory IN FILE D:\php_pro\yafsample\index.php ON LINE 6
[2015-11-11 15:53:14][error]Failed opening controller script D:\php_pro\yafsample/application\controllers\Favicon.ico.php: No such file or directory IN FILE D:\php_pro\yafsample\index.php ON LINE 6
[2015-11-11 15:53:28][error]Failed opening controller script D:\php_pro\yafsample/application\controllers\Favicon.ico.php: No such file or directory IN FILE D:\php_pro\yafsample\index.php ON LINE 6
[2015-11-11 15:53:30][error]Failed opening controller script D:\php_pro\yafsample/application\controllers\Favicon.ico.php: No such file or directory IN FILE D:\php_pro\yafsample\index.php ON LINE 6
[2015-11-11 15:53:41][error]Failed opening controller script D:\php_pro\yafsample/application\controllers\Favicon.ico.php: No such file or directory IN FILE D:\php_pro\yafsample\index.php ON LINE 6
[2015-11-11 15:53:41][error]Failed opening controller script D:\php_pro\yafsample/application\controllers\Favicon.ico.php: No such file or directory IN FILE D:\php_pro\yafsample\index.php ON LINE 6
[2015-11-11 15:53:45][error]Failed opening controller script D:\php_pro\yafsample/application\controllers\Favicon.ico.php: No such file or directory IN FILE D:\php_pro\yafsample\index.php ON LINE 6
[2015-11-11 15:53:47][error]Failed opening controller script D:\php_pro\yafsample/application\controllers\Favicon.ico.php: No such file or directory IN FILE D:\php_pro\yafsample\index.php ON LINE 6
[2015-11-11 15:53:53][error]Failed opening controller script D:\php_pro\yafsample/application\controllers\Favicon.ico.php: No such file or directory IN FILE D:\php_pro\yafsample\index.php ON LINE 6
[2015-11-11 15:55:42][error]Failed opening controller script D:\php_pro\yafsample/application\controllers\Favicon.ico.php: No such file or directory IN FILE D:\php_pro\yafsample\index.php ON LINE 6
[2015-11-11 15:55:46][error]Failed opening controller script D:\php_pro\yafsample/application\controllers\Favicon.ico.php: No such file or directory IN FILE D:\php_pro\yafsample\index.php ON LINE 6
[2015-11-11 15:55:57][error]Failed opening controller script D:\php_pro\yafsample/application\controllers\Favicon.ico.php: No such file or directory IN FILE D:\php_pro\yafsample\index.php ON LINE 6
[2015-11-11 15:57:03][error]Failed opening controller script D:\php_pro\yafsample/application\controllers\Favicon.ico.php: No such file or directory IN FILE D:\php_pro\yafsample\index.php ON LINE 6
[2015-11-11 15:57:03][error]Failed opening controller script D:\php_pro\yafsample/application\controllers\Favicon.ico.php: No such file or directory IN FILE D:\php_pro\yafsample\index.php ON LINE 6
[2015-11-11 16:03:29][error]Failed opening controller script D:\php_pro\yafsample/application\controllers\Favicon.ico.php: No such file or directory IN FILE D:\php_pro\yafsample\index.php ON LINE 6
[2015-11-11 16:03:50][error]Failed opening controller script D:\php_pro\yafsample/application\controllers\Favicon.ico.php: No such file or directory IN FILE D:\php_pro\yafsample\index.php ON LINE 6
[2015-11-11 16:03:57][error]Failed opening controller script D:\php_pro\yafsample/application\controllers\Favicon.ico.php: No such file or directory IN FILE D:\php_pro\yafsample\index.php ON LINE 6
[2015-11-11 16:03:59][error]Failed opening controller script D:\php_pro\yafsample/application\controllers\Favicon.ico.php: No such file or directory IN FILE D:\php_pro\yafsample\index.php ON LINE 6
[2015-11-11 16:04:01][error]Failed opening controller script D:\php_pro\yafsample/application\controllers\Favicon.ico.php: No such file or directory IN FILE D:\php_pro\yafsample\index.php ON LINE 6
[2015-11-11 16:04:03][error]Failed opening controller script D:\php_pro\yafsample/application\controllers\Favicon.ico.php: No such file or directory IN FILE D:\php_pro\yafsample\index.php ON LINE 6
[2015-11-11 16:04:03][error]Failed opening controller script D:\php_pro\yafsample/application\controllers\Favicon.ico.php: No such file or directory IN FILE D:\php_pro\yafsample\index.php ON LINE 6
[2015-11-11 16:04:05][error]Failed opening controller script D:\php_pro\yafsample/application\controllers\Favicon.ico.php: No such file or directory IN FILE D:\php_pro\yafsample\index.php ON LINE 6
[2015-11-11 16:04:08][error]Failed opening controller script D:\php_pro\yafsample/application\controllers\Favicon.ico.php: No such file or directory IN FILE D:\php_pro\yafsample\index.php ON LINE 6
[2015-11-11 16:04:08][error]Failed opening controller script D:\php_pro\yafsample/application\controllers\Favicon.ico.php: No such file or directory IN FILE D:\php_pro\yafsample\index.php ON LINE 6
[2015-11-11 16:04:12][error]Failed opening controller script D:\php_pro\yafsample/application\controllers\Favicon.ico.php: No such file or directory IN FILE D:\php_pro\yafsample\index.php ON LINE 6
[2015-11-11 16:04:14][error]Failed opening controller script D:\php_pro\yafsample/application\controllers\Favicon.ico.php: No such file or directory IN FILE D:\php_pro\yafsample\index.php ON LINE 6
[2015-11-11 16:04:14][error]Failed opening controller script D:\php_pro\yafsample/application\controllers\Favicon.ico.php: No such file or directory IN FILE D:\php_pro\yafsample\index.php ON LINE 6
[2015-11-11 16:04:15][error]Failed opening controller script D:\php_pro\yafsample/application\controllers\Favicon.ico.php: No such file or directory IN FILE D:\php_pro\yafsample\index.php ON LINE 6
[2015-11-11 16:04:17][error]Failed opening controller script D:\php_pro\yafsample/application\controllers\Favicon.ico.php: No such file or directory IN FILE D:\php_pro\yafsample\index.php ON LINE 6
[2015-11-11 16:04:17][error]Failed opening controller script D:\php_pro\yafsample/application\controllers\Favicon.ico.php: No such file or directory IN FILE D:\php_pro\yafsample\index.php ON LINE 6
[2015-11-11 16:04:21][error]Failed opening controller script D:\php_pro\yafsample/application\controllers\Favicon.ico.php: No such file or directory IN FILE D:\php_pro\yafsample\index.php ON LINE 6
[2015-11-11 16:04:26][error]Failed opening controller script D:\php_pro\yafsample/application\controllers\Favicon.ico.php: No such file or directory IN FILE D:\php_pro\yafsample\index.php ON LINE 6
[2015-11-11 16:04:26][error]Failed opening controller script D:\php_pro\yafsample/application\controllers\Favicon.ico.php: No such file or directory IN FILE D:\php_pro\yafsample\index.php ON LINE 6
[2015-11-11 16:04:32][error]Failed opening controller script D:\php_pro\yafsample/application\controllers\Favicon.ico.php: No such file or directory IN FILE D:\php_pro\yafsample\index.php ON LINE 6
[2015-11-11 16:04:35][error]Failed opening controller script D:\php_pro\yafsample/application\controllers\Favicon.ico.php: No such file or directory IN FILE D:\php_pro\yafsample\index.php ON LINE 6
[2015-11-11 16:04:35][error]Failed opening controller script D:\php_pro\yafsample/application\controllers\Favicon.ico.php: No such file or directory IN FILE D:\php_pro\yafsample\index.php ON LINE 6
[2015-11-11 16:04:38][error]Failed opening controller script D:\php_pro\yafsample/application\controllers\Favicon.ico.php: No such file or directory IN FILE D:\php_pro\yafsample\index.php ON LINE 6
[2015-11-11 16:04:42][error]Failed opening controller script D:\php_pro\yafsample/application\controllers\Favicon.ico.php: No such file or directory IN FILE D:\php_pro\yafsample\index.php ON LINE 6
[2015-11-11 16:04:42][error]Failed opening controller script D:\php_pro\yafsample/application\controllers\Favicon.ico.php: No such file or directory IN FILE D:\php_pro\yafsample\index.php ON LINE 6
[2015-11-11 16:15:04][error]Failed opening controller script D:\php_pro\yafsample/application\controllers\Ecmoban.php: No such file or directory IN FILE D:\php_pro\yafsample\index.php ON LINE 6
[2015-11-11 16:15:05][error]Failed opening controller script D:\php_pro\yafsample/application\controllers\Ecmoban.php: No such file or directory IN FILE D:\php_pro\yafsample\index.php ON LINE 6
[2015-11-11 16:15:05][error]Failed opening controller script D:\php_pro\yafsample/application\controllers\Ecmoban.php: No such file or directory IN FILE D:\php_pro\yafsample\index.php ON LINE 6
[2015-11-11 16:15:05][error]Failed opening controller script D:\php_pro\yafsample/application\controllers\Ecmoban.php: No such file or directory IN FILE D:\php_pro\yafsample\index.php ON LINE 6
[2015-11-11 16:15:05][error]Failed opening controller script D:\php_pro\yafsample/application\controllers\Ecmoban.php: No such file or directory IN FILE D:\php_pro\yafsample\index.php ON LINE 6
[2015-11-11 16:15:13][error]Failed opening controller script D:\php_pro\yafsample/application\controllers\Ecmoban.php: No such file or directory IN FILE D:\php_pro\yafsample\index.php ON LINE 6
[2015-11-11 16:15:14][error]Failed opening controller script D:\php_pro\yafsample/application\controllers\Ecmoban.php: No such file or directory IN FILE D:\php_pro\yafsample\index.php ON LINE 6
[2015-11-11 16:15:14][error]Failed opening controller script D:\php_pro\yafsample/application\controllers\Ecmoban.php: No such file or directory IN FILE D:\php_pro\yafsample\index.php ON LINE 6
[2015-11-11 16:15:14][error]Failed opening controller script D:\php_pro\yafsample/application\controllers\Ecmoban.php: No such file or directory IN FILE D:\php_pro\yafsample\index.php ON LINE 6
[2015-11-11 16:15:14][error]Failed opening controller script D:\php_pro\yafsample/application\controllers\Ecmoban.php: No such file or directory IN FILE D:\php_pro\yafsample\index.php ON LINE 6
[2015-11-11 16:15:21][error]Failed opening controller script D:\php_pro\yafsample/application\controllers\Ecmoban.php: No such file or directory IN FILE D:\php_pro\yafsample\index.php ON LINE 6
[2015-11-11 16:15:21][error]Failed opening controller script D:\php_pro\yafsample/application\controllers\Ecmoban.php: No such file or directory IN FILE D:\php_pro\yafsample\index.php ON LINE 6
[2015-11-11 16:15:21][error]Failed opening controller script D:\php_pro\yafsample/application\controllers\Ecmoban.php: No such file or directory IN FILE D:\php_pro\yafsample\index.php ON LINE 6
[2015-11-11 16:15:21][error]Failed opening controller script D:\php_pro\yafsample/application\controllers\Ecmoban.php: No such file or directory IN FILE D:\php_pro\yafsample\index.php ON LINE 6
[2015-11-11 16:15:21][error]Failed opening controller script D:\php_pro\yafsample/application\controllers\Ecmoban.php: No such file or directory IN FILE D:\php_pro\yafsample\index.php ON LINE 6
[2015-11-11 16:15:49][error]Failed opening controller script D:\php_pro\yafsample/application\controllers\Ecmoban.php: No such file or directory IN FILE D:\php_pro\yafsample\index.php ON LINE 6
[2015-11-11 16:15:50][error]Failed opening controller script D:\php_pro\yafsample/application\controllers\Ecmoban.php: No such file or directory IN FILE D:\php_pro\yafsample\index.php ON LINE 6
[2015-11-11 16:15:50][error]Failed opening controller script D:\php_pro\yafsample/application\controllers\Ecmoban.php: No such file or directory IN FILE D:\php_pro\yafsample\index.php ON LINE 6
[2015-11-11 16:15:50][error]Failed opening controller script D:\php_pro\yafsample/application\controllers\Ecmoban.php: No such file or directory IN FILE D:\php_pro\yafsample\index.php ON LINE 6
[2015-11-11 16:15:50][error]Failed opening controller script D:\php_pro\yafsample/application\controllers\Ecmoban.php: No such file or directory IN FILE D:\php_pro\yafsample\index.php ON LINE 6
[2015-11-11 16:15:52][error]Failed opening controller script D:\php_pro\yafsample/application\controllers\Ecmoban.php: No such file or directory IN FILE D:\php_pro\yafsample\index.php ON LINE 6
[2015-11-11 16:15:55][error]Failed opening controller script D:\php_pro\yafsample/application\controllers\Ecmoban.php: No such file or directory IN FILE D:\php_pro\yafsample\index.php ON LINE 6
[2015-11-11 16:16:25][error]Failed opening controller script D:\php_pro\yafsample/application\controllers\Ecmoban.php: No such file or directory IN FILE D:\php_pro\yafsample\index.php ON LINE 6
[2015-11-11 16:17:57][error]Failed opening controller script D:\php_pro\yafsample/application\controllers\Ecmoban.php: No such file or directory IN FILE D:\php_pro\yafsample\index.php ON LINE 6
[2015-11-11 16:17:58][error]Failed opening controller script D:\php_pro\yafsample/application\controllers\Ecmoban.php: No such file or directory IN FILE D:\php_pro\yafsample\index.php ON LINE 6
[2015-11-11 16:17:58][error]Failed opening controller script D:\php_pro\yafsample/application\controllers\Ecmoban.php: No such file or directory IN FILE D:\php_pro\yafsample\index.php ON LINE 6
[2015-11-11 16:17:58][error]Failed opening controller script D:\php_pro\yafsample/application\controllers\Ecmoban.php: No such file or directory IN FILE D:\php_pro\yafsample\index.php ON LINE 6
[2015-11-11 16:17:58][error]Failed opening controller script D:\php_pro\yafsample/application\controllers\Ecmoban.php: No such file or directory IN FILE D:\php_pro\yafsample\index.php ON LINE 6
[2015-11-11 16:18:00][error]Failed opening controller script D:\php_pro\yafsample/application\controllers\Ecmoban.php: No such file or directory IN FILE D:\php_pro\yafsample\index.php ON LINE 6
[2015-11-11 16:18:05][error]Failed opening controller script D:\php_pro\yafsample/application\controllers\Ecmoban.php: No such file or directory IN FILE D:\php_pro\yafsample\index.php ON LINE 6
[2015-11-11 16:18:05][error]Failed opening controller script D:\php_pro\yafsample/application\controllers\Ecmoban.php: No such file or directory IN FILE D:\php_pro\yafsample\index.php ON LINE 6
[2015-11-11 16:18:05][error]Failed opening controller script D:\php_pro\yafsample/application\controllers\Ecmoban.php: No such file or directory IN FILE D:\php_pro\yafsample\index.php ON LINE 6
[2015-11-11 16:18:06][error]Failed opening controller script D:\php_pro\yafsample/application\controllers\Ecmoban.php: No such file or directory IN FILE D:\php_pro\yafsample\index.php ON LINE 6
[2015-11-11 16:18:06][error]Failed opening controller script D:\php_pro\yafsample/application\controllers\Ecmoban.php: No such file or directory IN FILE D:\php_pro\yafsample\index.php ON LINE 6
[2015-11-11 16:18:09][error]Failed opening controller script D:\php_pro\yafsample/application\controllers\Favicon.ico.php: No such file or directory IN FILE D:\php_pro\yafsample\index.php ON LINE 6
[2015-11-11 16:18:19][error]Failed opening controller script D:\php_pro\yafsample/application\controllers\Ecmoban.php: No such file or directory IN FILE D:\php_pro\yafsample\index.php ON LINE 6
[2015-11-11 16:18:19][error]Failed opening controller script D:\php_pro\yafsample/application\controllers\Ecmoban.php: No such file or directory IN FILE D:\php_pro\yafsample\index.php ON LINE 6
[2015-11-11 16:18:20][error]Failed opening controller script D:\php_pro\yafsample/application\controllers\Ecmoban.php: No such file or directory IN FILE D:\php_pro\yafsample\index.php ON LINE 6
[2015-11-11 16:18:20][error]Failed opening controller script D:\php_pro\yafsample/application\controllers\Ecmoban.php: No such file or directory IN FILE D:\php_pro\yafsample\index.php ON LINE 6
[2015-11-11 16:18:20][error]Failed opening controller script D:\php_pro\yafsample/application\controllers\Ecmoban.php: No such file or directory IN FILE D:\php_pro\yafsample\index.php ON LINE 6
[2015-11-11 16:18:25][error]Failed opening controller script D:\php_pro\yafsample/application\controllers\Ecmoban.php: No such file or directory IN FILE D:\php_pro\yafsample\index.php ON LINE 6
[2015-11-11 16:18:25][error]Failed opening controller script D:\php_pro\yafsample/application\controllers\Ecmoban.php: No such file or directory IN FILE D:\php_pro\yafsample\index.php ON LINE 6
[2015-11-11 16:18:27][error]Failed opening controller script D:\php_pro\yafsample/application\controllers\Ecmoban.php: No such file or directory IN FILE D:\php_pro\yafsample\index.php ON LINE 6
[2015-11-11 16:18:27][error]Failed opening controller script D:\php_pro\yafsample/application\controllers\Ecmoban.php: No such file or directory IN FILE D:\php_pro\yafsample\index.php ON LINE 6
[2015-11-11 16:18:28][error]Failed opening controller script D:\php_pro\yafsample/application\controllers\Ecmoban.php: No such file or directory IN FILE D:\php_pro\yafsample\index.php ON LINE 6
[2015-11-11 16:18:32][error]Failed opening controller script D:\php_pro\yafsample/application\controllers\Ecmoban.php: No such file or directory IN FILE D:\php_pro\yafsample\index.php ON LINE 6
[2015-11-11 16:18:32][error]Failed opening controller script D:\php_pro\yafsample/application\controllers\Ecmoban.php: No such file or directory IN FILE D:\php_pro\yafsample\index.php ON LINE 6
[2015-11-11 16:18:46][error]Failed opening controller script D:\php_pro\yafsample/application\controllers\Ecmoban.php: No such file or directory IN FILE D:\php_pro\yafsample\index.php ON LINE 6
[2015-11-11 16:18:46][error]Failed opening controller script D:\php_pro\yafsample/application\controllers\Ecmoban.php: No such file or directory IN FILE D:\php_pro\yafsample\index.php ON LINE 6
[2015-11-11 16:19:23][error]Failed opening controller script D:\php_pro\yafsample/application\controllers\Ecmoban.php: No such file or directory IN FILE D:\php_pro\yafsample\index.php ON LINE 6
[2015-11-11 16:19:23][error]Failed opening controller script D:\php_pro\yafsample/application\controllers\Ecmoban.php: No such file or directory IN FILE D:\php_pro\yafsample\index.php ON LINE 6
[2015-11-11 16:19:23][error]Failed opening controller script D:\php_pro\yafsample/application\controllers\Ecmoban.php: No such file or directory IN FILE D:\php_pro\yafsample\index.php ON LINE 6
[2015-11-11 16:19:23][error]Failed opening controller script D:\php_pro\yafsample/application\controllers\Ecmoban.php: No such file or directory IN FILE D:\php_pro\yafsample\index.php ON LINE 6
[2015-11-11 16:19:24][error]Failed opening controller script D:\php_pro\yafsample/application\controllers\Ecmoban.php: No such file or directory IN FILE D:\php_pro\yafsample\index.php ON LINE 6
[2015-11-11 16:19:46][error]Failed opening controller script D:\php_pro\yafsample/application\controllers\Favicon.ico.php: No such file or directory IN FILE D:\php_pro\yafsample\index.php ON LINE 6
[2015-11-11 16:19:56][error]Failed opening controller script D:\php_pro\yafsample/application\controllers\Favicon.ico.php: No such file or directory IN FILE D:\php_pro\yafsample\index.php ON LINE 6
[2015-11-11 16:27:07][error]Failed opening controller script D:\php_pro\yafsample/application\controllers\Favicon.ico.php: No such file or directory IN FILE D:\php_pro\yafsample\index.php ON LINE 6
[2015-11-11 16:27:24][error]Failed opening controller script D:\php_pro\yafsample/application\controllers\Favicon.ico.php: No such file or directory IN FILE D:\php_pro\yafsample\index.php ON LINE 6
[2015-11-11 16:42:32][error]Failed opening controller script D:\php_pro\yafsample/application\controllers\Favicon.ico.php: No such file or directory IN FILE D:\php_pro\yafsample\index.php ON LINE 6
[2015-11-11 16:42:32][error]Failed opening controller script D:\php_pro\yafsample/application\controllers\Favicon.ico.php: No such file or directory IN FILE D:\php_pro\yafsample\index.php ON LINE 6
[2015-11-11 16:42:42][error]Failed opening controller script D:\php_pro\yafsample/application\controllers\Favicon.ico.php: No such file or directory IN FILE D:\php_pro\yafsample\index.php ON LINE 6
[2015-11-11 16:45:40][error]Failed opening controller script D:\php_pro\yafsample/application\controllers\Favicon.ico.php: No such file or directory IN FILE D:\php_pro\yafsample\index.php ON LINE 6
[2015-11-11 17:12:58][error]Failed opening controller script D:\php_pro\yafsample/application\controllers\Favicon.ico.php: No such file or directory IN FILE D:\php_pro\yafsample\index.php ON LINE 6
