[2015-11-10 10:44:10][error]Failed opening controller script D:\php_pro\yafsample/application\controllers\Favicon.ico.php: No such file or directory IN FILE D:\php_pro\yafsample\index.php ON LINE 6
[2015-11-10 10:44:11][error]Failed opening controller script D:\php_pro\yafsample/application\controllers\Favicon.ico.php: No such file or directory IN FILE D:\php_pro\yafsample\index.php ON LINE 6
[2015-11-10 10:44:32][error]Failed opening controller script D:\php_pro\yafsample/application\controllers\Favicon.ico.php: No such file or directory IN FILE D:\php_pro\yafsample\index.php ON LINE 6
[2015-11-10 10:45:27][error]Failed opening controller script D:\php_pro\yafsample/application\controllers\Favicon.ico.php: No such file or directory IN FILE D:\php_pro\yafsample\index.php ON LINE 6
[2015-11-10 10:45:30][error]Failed opening controller script D:\php_pro\yafsample/application\controllers\Favicon.ico.php: No such file or directory IN FILE D:\php_pro\yafsample\index.php ON LINE 6
[2015-11-10 11:07:31][error]Failed opening controller script D:\php_pro\yafsample/application\controllers\Favicon.ico.php: No such file or directory IN FILE D:\php_pro\yafsample\index.php ON LINE 6
[2015-11-10 11:07:44][error]Failed opening controller script D:\php_pro\yafsample/application\controllers\Favicon.ico.php: No such file or directory IN FILE D:\php_pro\yafsample\index.php ON LINE 6
[2015-11-10 11:07:46][error]Failed opening controller script D:\php_pro\yafsample/application\controllers\Favicon.ico.php: No such file or directory IN FILE D:\php_pro\yafsample\index.php ON LINE 6
[2015-11-10 11:07:49][error]Failed opening controller script D:\php_pro\yafsample/application\controllers\Favicon.ico.php: No such file or directory IN FILE D:\php_pro\yafsample\index.php ON LINE 6
[2015-11-10 11:07:59][error]Failed opening controller script D:\php_pro\yafsample/application\controllers\Favicon.ico.php: No such file or directory IN FILE D:\php_pro\yafsample\index.php ON LINE 6
[2015-11-10 11:08:44][error]Failed opening controller script D:\php_pro\yafsample/application\controllers\Favicon.ico.php: No such file or directory IN FILE D:\php_pro\yafsample\index.php ON LINE 6
[2015-11-10 11:08:45][error]Failed opening controller script D:\php_pro\yafsample/application\controllers\Favicon.ico.php: No such file or directory IN FILE D:\php_pro\yafsample\index.php ON LINE 6
[2015-11-10 11:08:46][error]Failed opening controller script D:\php_pro\yafsample/application\controllers\Favicon.ico.php: No such file or directory IN FILE D:\php_pro\yafsample\index.php ON LINE 6
[2015-11-10 11:09:40][error]Failed opening controller script D:\php_pro\yafsample/application\controllers\Favicon.ico.php: No such file or directory IN FILE D:\php_pro\yafsample\index.php ON LINE 6
[2015-11-10 11:10:42][error]Failed opening controller script D:\php_pro\yafsample/application\controllers\Favicon.ico.php: No such file or directory IN FILE D:\php_pro\yafsample\index.php ON LINE 6
[2015-11-10 11:11:40][error]Failed opening controller script D:\php_pro\yafsample/application\controllers\Favicon.ico.php: No such file or directory IN FILE D:\php_pro\yafsample\index.php ON LINE 6
[2015-11-10 11:13:08][error]Failed opening controller script D:\php_pro\yafsample/application\controllers\Favicon.ico.php: No such file or directory IN FILE D:\php_pro\yafsample\index.php ON LINE 6
[2015-11-10 11:13:53][error]Failed opening controller script D:\php_pro\yafsample/application\controllers\Favicon.ico.php: No such file or directory IN FILE D:\php_pro\yafsample\index.php ON LINE 6
[2015-11-10 11:14:27][error]Failed opening controller script D:\php_pro\yafsample/application\controllers\Favicon.ico.php: No such file or directory IN FILE D:\php_pro\yafsample\index.php ON LINE 6
[2015-11-10 11:20:13][error]Failed opening controller script D:\php_pro\yafsample/application\controllers\Favicon.ico.php: No such file or directory IN FILE D:\php_pro\yafsample\index.php ON LINE 6
[2015-11-10 11:20:41][error]Failed opening controller script D:\php_pro\yafsample/application\controllers\Favicon.ico.php: No such file or directory IN FILE D:\php_pro\yafsample\index.php ON LINE 6
[2015-11-10 11:27:24][error]Failed opening controller script D:\php_pro\yafsample/application\controllers\Favicon.ico.php: No such file or directory IN FILE D:\php_pro\yafsample\index.php ON LINE 6
[2015-11-10 11:28:05][error]Failed opening controller script D:\php_pro\yafsample/application\controllers\Favicon.ico.php: No such file or directory IN FILE D:\php_pro\yafsample\index.php ON LINE 6
[2015-11-10 11:30:13][error]Failed opening controller script D:\php_pro\yafsample/application\controllers\Favicon.ico.php: No such file or directory IN FILE D:\php_pro\yafsample\index.php ON LINE 6
[2015-11-10 11:32:51][error]Failed opening controller script D:\php_pro\yafsample/application\controllers\Favicon.ico.php: No such file or directory IN FILE D:\php_pro\yafsample\index.php ON LINE 6
[2015-11-10 11:32:57][error]Failed opening controller script D:\php_pro\yafsample/application\controllers\Favicon.ico.php: No such file or directory IN FILE D:\php_pro\yafsample\index.php ON LINE 6
[2015-11-10 11:33:00][error]Failed opening controller script D:\php_pro\yafsample/application\controllers\Favicon.ico.php: No such file or directory IN FILE D:\php_pro\yafsample\index.php ON LINE 6
[2015-11-10 11:33:01][error]Failed opening controller script D:\php_pro\yafsample/application\controllers\Favicon.ico.php: No such file or directory IN FILE D:\php_pro\yafsample\index.php ON LINE 6
[2015-11-10 11:33:01][error]Failed opening controller script D:\php_pro\yafsample/application\controllers\Favicon.ico.php: No such file or directory IN FILE D:\php_pro\yafsample\index.php ON LINE 6
[2015-11-10 11:33:02][error]Failed opening controller script D:\php_pro\yafsample/application\controllers\Favicon.ico.php: No such file or directory IN FILE D:\php_pro\yafsample\index.php ON LINE 6
[2015-11-10 11:33:03][error]Failed opening controller script D:\php_pro\yafsample/application\controllers\Favicon.ico.php: No such file or directory IN FILE D:\php_pro\yafsample\index.php ON LINE 6
[2015-11-10 11:33:03][error]Failed opening controller script D:\php_pro\yafsample/application\controllers\Favicon.ico.php: No such file or directory IN FILE D:\php_pro\yafsample\index.php ON LINE 6
[2015-11-10 11:33:03][error]Failed opening controller script D:\php_pro\yafsample/application\controllers\Favicon.ico.php: No such file or directory IN FILE D:\php_pro\yafsample\index.php ON LINE 6
[2015-11-10 11:33:03][error]Failed opening controller script D:\php_pro\yafsample/application\controllers\Favicon.ico.php: No such file or directory IN FILE D:\php_pro\yafsample\index.php ON LINE 6
[2015-11-10 11:33:04][error]Failed opening controller script D:\php_pro\yafsample/application\controllers\Favicon.ico.php: No such file or directory IN FILE D:\php_pro\yafsample\index.php ON LINE 6
[2015-11-10 11:33:04][error]Failed opening controller script D:\php_pro\yafsample/application\controllers\Favicon.ico.php: No such file or directory IN FILE D:\php_pro\yafsample\index.php ON LINE 6
[2015-11-10 11:33:05][error]Failed opening controller script D:\php_pro\yafsample/application\controllers\Favicon.ico.php: No such file or directory IN FILE D:\php_pro\yafsample\index.php ON LINE 6
[2015-11-10 11:33:06][error]Failed opening controller script D:\php_pro\yafsample/application\controllers\Favicon.ico.php: No such file or directory IN FILE D:\php_pro\yafsample\index.php ON LINE 6
[2015-11-10 11:33:06][error]Failed opening controller script D:\php_pro\yafsample/application\controllers\Favicon.ico.php: No such file or directory IN FILE D:\php_pro\yafsample\index.php ON LINE 6
[2015-11-10 11:33:07][error]Failed opening controller script D:\php_pro\yafsample/application\controllers\Favicon.ico.php: No such file or directory IN FILE D:\php_pro\yafsample\index.php ON LINE 6
[2015-11-10 11:43:51][error]Failed opening controller script D:\php_pro\yafsample/application\controllers\Favicon.ico.php: No such file or directory IN FILE D:\php_pro\yafsample\index.php ON LINE 6
[2015-11-10 11:46:44][error]Failed opening controller script D:\php_pro\yafsample/application\controllers\Favicon.ico.php: No such file or directory IN FILE D:\php_pro\yafsample\index.php ON LINE 6
[2015-11-10 11:47:04][error]Failed opening controller script D:\php_pro\yafsample/application\controllers\Favicon.ico.php: No such file or directory IN FILE D:\php_pro\yafsample\index.php ON LINE 6
[2015-11-10 11:48:08][error]Failed opening controller script D:\php_pro\yafsample/application\controllers\Favicon.ico.php: No such file or directory IN FILE D:\php_pro\yafsample\index.php ON LINE 6
[2015-11-10 11:48:22][error]Failed opening controller script D:\php_pro\yafsample/application\controllers\Favicon.ico.php: No such file or directory IN FILE D:\php_pro\yafsample\index.php ON LINE 6
[2015-11-10 11:49:12][error]Failed opening controller script D:\php_pro\yafsample/application\controllers\Favicon.ico.php: No such file or directory IN FILE D:\php_pro\yafsample\index.php ON LINE 6
[2015-11-10 11:51:49][error]Failed opening controller script D:\php_pro\yafsample/application\controllers\Favicon.ico.php: No such file or directory IN FILE D:\php_pro\yafsample\index.php ON LINE 6
[2015-11-10 11:52:15][error]Failed opening controller script D:\php_pro\yafsample/application\controllers\Favicon.ico.php: No such file or directory IN FILE D:\php_pro\yafsample\index.php ON LINE 6
[2015-11-10 11:52:28][error]Failed opening controller script D:\php_pro\yafsample/application\controllers\Favicon.ico.php: No such file or directory IN FILE D:\php_pro\yafsample\index.php ON LINE 6
[2015-11-10 11:54:58][error]Failed opening controller script D:\php_pro\yafsample/application\controllers\Favicon.ico.php: No such file or directory IN FILE D:\php_pro\yafsample\index.php ON LINE 6
[2015-11-10 14:40:42][error]Failed opening controller script D:\php_pro\yafsample/application\controllers\Favicon.ico.php: No such file or directory IN FILE D:\php_pro\yafsample\index.php ON LINE 6
[2015-11-10 14:43:25][error]Failed opening controller script D:\php_pro\yafsample/application\controllers\Favicon.ico.php: No such file or directory IN FILE D:\php_pro\yafsample\index.php ON LINE 6
[2015-11-10 14:43:32][error]Failed opening controller script D:\php_pro\yafsample/application\controllers\Favicon.ico.php: No such file or directory IN FILE D:\php_pro\yafsample\index.php ON LINE 6
[2015-11-10 14:43:33][error]Failed opening controller script D:\php_pro\yafsample/application\controllers\Favicon.ico.php: No such file or directory IN FILE D:\php_pro\yafsample\index.php ON LINE 6
[2015-11-10 14:43:33][error]Failed opening controller script D:\php_pro\yafsample/application\controllers\Favicon.ico.php: No such file or directory IN FILE D:\php_pro\yafsample\index.php ON LINE 6
[2015-11-10 14:43:33][error]Failed opening controller script D:\php_pro\yafsample/application\controllers\Favicon.ico.php: No such file or directory IN FILE D:\php_pro\yafsample\index.php ON LINE 6
[2015-11-10 14:43:33][error]Failed opening controller script D:\php_pro\yafsample/application\controllers\Favicon.ico.php: No such file or directory IN FILE D:\php_pro\yafsample\index.php ON LINE 6
[2015-11-10 14:43:34][error]Failed opening controller script D:\php_pro\yafsample/application\controllers\Favicon.ico.php: No such file or directory IN FILE D:\php_pro\yafsample\index.php ON LINE 6
[2015-11-10 14:43:34][error]Failed opening controller script D:\php_pro\yafsample/application\controllers\Favicon.ico.php: No such file or directory IN FILE D:\php_pro\yafsample\index.php ON LINE 6
[2015-11-10 14:43:34][error]Failed opening controller script D:\php_pro\yafsample/application\controllers\Favicon.ico.php: No such file or directory IN FILE D:\php_pro\yafsample\index.php ON LINE 6
[2015-11-10 14:43:34][error]Failed opening controller script D:\php_pro\yafsample/application\controllers\Favicon.ico.php: No such file or directory IN FILE D:\php_pro\yafsample\index.php ON LINE 6
[2015-11-10 14:43:34][error]Failed opening controller script D:\php_pro\yafsample/application\controllers\Favicon.ico.php: No such file or directory IN FILE D:\php_pro\yafsample\index.php ON LINE 6
[2015-11-10 14:43:35][error]Failed opening controller script D:\php_pro\yafsample/application\controllers\Favicon.ico.php: No such file or directory IN FILE D:\php_pro\yafsample\index.php ON LINE 6
[2015-11-10 14:43:35][error]Failed opening controller script D:\php_pro\yafsample/application\controllers\Favicon.ico.php: No such file or directory IN FILE D:\php_pro\yafsample\index.php ON LINE 6
[2015-11-10 14:43:41][error]Failed opening controller script D:\php_pro\yafsample/application\controllers\Favicon.ico.php: No such file or directory IN FILE D:\php_pro\yafsample\index.php ON LINE 6
[2015-11-10 14:43:42][error]Failed opening controller script D:\php_pro\yafsample/application\controllers\Favicon.ico.php: No such file or directory IN FILE D:\php_pro\yafsample\index.php ON LINE 6
[2015-11-10 14:43:42][error]Failed opening controller script D:\php_pro\yafsample/application\controllers\Favicon.ico.php: No such file or directory IN FILE D:\php_pro\yafsample\index.php ON LINE 6
[2015-11-10 14:43:42][error]Failed opening controller script D:\php_pro\yafsample/application\controllers\Favicon.ico.php: No such file or directory IN FILE D:\php_pro\yafsample\index.php ON LINE 6
[2015-11-10 14:43:43][error]Failed opening controller script D:\php_pro\yafsample/application\controllers\Favicon.ico.php: No such file or directory IN FILE D:\php_pro\yafsample\index.php ON LINE 6
[2015-11-10 14:43:43][error]Failed opening controller script D:\php_pro\yafsample/application\controllers\Favicon.ico.php: No such file or directory IN FILE D:\php_pro\yafsample\index.php ON LINE 6
[2015-11-10 14:43:43][error]Failed opening controller script D:\php_pro\yafsample/application\controllers\Favicon.ico.php: No such file or directory IN FILE D:\php_pro\yafsample\index.php ON LINE 6
[2015-11-10 14:43:44][error]Failed opening controller script D:\php_pro\yafsample/application\controllers\Favicon.ico.php: No such file or directory IN FILE D:\php_pro\yafsample\index.php ON LINE 6
[2015-11-10 14:43:44][error]Failed opening controller script D:\php_pro\yafsample/application\controllers\Favicon.ico.php: No such file or directory IN FILE D:\php_pro\yafsample\index.php ON LINE 6
[2015-11-10 14:43:44][error]Failed opening controller script D:\php_pro\yafsample/application\controllers\Favicon.ico.php: No such file or directory IN FILE D:\php_pro\yafsample\index.php ON LINE 6
[2015-11-10 14:43:44][error]Failed opening controller script D:\php_pro\yafsample/application\controllers\Favicon.ico.php: No such file or directory IN FILE D:\php_pro\yafsample\index.php ON LINE 6
[2015-11-10 14:43:44][error]Failed opening controller script D:\php_pro\yafsample/application\controllers\Favicon.ico.php: No such file or directory IN FILE D:\php_pro\yafsample\index.php ON LINE 6
[2015-11-10 14:43:51][error]Failed opening controller script D:\php_pro\yafsample/application\controllers\Favicon.ico.php: No such file or directory IN FILE D:\php_pro\yafsample\index.php ON LINE 6
[2015-11-10 14:43:52][error]Failed opening controller script D:\php_pro\yafsample/application\controllers\Favicon.ico.php: No such file or directory IN FILE D:\php_pro\yafsample\index.php ON LINE 6
[2015-11-10 14:43:52][error]Failed opening controller script D:\php_pro\yafsample/application\controllers\Favicon.ico.php: No such file or directory IN FILE D:\php_pro\yafsample\index.php ON LINE 6
[2015-11-10 14:43:52][error]Failed opening controller script D:\php_pro\yafsample/application\controllers\Favicon.ico.php: No such file or directory IN FILE D:\php_pro\yafsample\index.php ON LINE 6
[2015-11-10 14:43:52][error]Failed opening controller script D:\php_pro\yafsample/application\controllers\Favicon.ico.php: No such file or directory IN FILE D:\php_pro\yafsample\index.php ON LINE 6
[2015-11-10 14:44:53][error]Failed opening controller script D:\php_pro\yafsample/application\controllers\Favicon.ico.php: No such file or directory IN FILE D:\php_pro\yafsample\index.php ON LINE 6
[2015-11-10 14:45:14][error]Failed opening controller script D:\php_pro\yafsample/application\controllers\Favicon.ico.php: No such file or directory IN FILE D:\php_pro\yafsample\index.php ON LINE 6
[2015-11-10 14:45:32][error]Failed opening controller script D:\php_pro\yafsample/application\controllers\Favicon.ico.php: No such file or directory IN FILE D:\php_pro\yafsample\index.php ON LINE 6
[2015-11-10 14:45:38][error]Failed opening controller script D:\php_pro\yafsample/application\controllers\Favicon.ico.php: No such file or directory IN FILE D:\php_pro\yafsample\index.php ON LINE 6
[2015-11-10 14:45:47][error]Failed opening controller script D:\php_pro\yafsample/application\controllers\Favicon.ico.php: No such file or directory IN FILE D:\php_pro\yafsample\index.php ON LINE 6
[2015-11-10 15:07:57][error]Failed opening controller script D:\php_pro\yafsample/application\controllers\Favicon.ico.php: No such file or directory IN FILE D:\php_pro\yafsample\index.php ON LINE 6
[2015-11-10 15:07:58][error]Failed opening controller script D:\php_pro\yafsample/application\controllers\Favicon.ico.php: No such file or directory IN FILE D:\php_pro\yafsample\index.php ON LINE 6
[2015-11-10 15:07:59][error]Failed opening controller script D:\php_pro\yafsample/application\controllers\Favicon.ico.php: No such file or directory IN FILE D:\php_pro\yafsample\index.php ON LINE 6
[2015-11-10 15:07:59][error]Failed opening controller script D:\php_pro\yafsample/application\controllers\Favicon.ico.php: No such file or directory IN FILE D:\php_pro\yafsample\index.php ON LINE 6
[2015-11-10 15:07:59][error]Failed opening controller script D:\php_pro\yafsample/application\controllers\Favicon.ico.php: No such file or directory IN FILE D:\php_pro\yafsample\index.php ON LINE 6
[2015-11-10 15:08:00][error]Failed opening controller script D:\php_pro\yafsample/application\controllers\Favicon.ico.php: No such file or directory IN FILE D:\php_pro\yafsample\index.php ON LINE 6
[2015-11-10 15:08:00][error]Failed opening controller script D:\php_pro\yafsample/application\controllers\Favicon.ico.php: No such file or directory IN FILE D:\php_pro\yafsample\index.php ON LINE 6
[2015-11-10 15:08:00][error]Failed opening controller script D:\php_pro\yafsample/application\controllers\Favicon.ico.php: No such file or directory IN FILE D:\php_pro\yafsample\index.php ON LINE 6
[2015-11-10 15:08:00][error]Failed opening controller script D:\php_pro\yafsample/application\controllers\Favicon.ico.php: No such file or directory IN FILE D:\php_pro\yafsample\index.php ON LINE 6
[2015-11-10 15:08:01][error]Failed opening controller script D:\php_pro\yafsample/application\controllers\Favicon.ico.php: No such file or directory IN FILE D:\php_pro\yafsample\index.php ON LINE 6
[2015-11-10 15:08:01][error]Failed opening controller script D:\php_pro\yafsample/application\controllers\Favicon.ico.php: No such file or directory IN FILE D:\php_pro\yafsample\index.php ON LINE 6
[2015-11-10 15:08:01][error]Failed opening controller script D:\php_pro\yafsample/application\controllers\Favicon.ico.php: No such file or directory IN FILE D:\php_pro\yafsample\index.php ON LINE 6
[2015-11-10 15:08:01][error]Failed opening controller script D:\php_pro\yafsample/application\controllers\Favicon.ico.php: No such file or directory IN FILE D:\php_pro\yafsample\index.php ON LINE 6
[2015-11-10 15:08:01][error]Failed opening controller script D:\php_pro\yafsample/application\controllers\Favicon.ico.php: No such file or directory IN FILE D:\php_pro\yafsample\index.php ON LINE 6
[2015-11-10 15:08:01][error]Failed opening controller script D:\php_pro\yafsample/application\controllers\Favicon.ico.php: No such file or directory IN FILE D:\php_pro\yafsample\index.php ON LINE 6
[2015-11-10 15:08:02][error]Failed opening controller script D:\php_pro\yafsample/application\controllers\Favicon.ico.php: No such file or directory IN FILE D:\php_pro\yafsample\index.php ON LINE 6
[2015-11-10 15:08:14][error]Failed opening controller script D:\php_pro\yafsample/application\controllers\Favicon.ico.php: No such file or directory IN FILE D:\php_pro\yafsample\index.php ON LINE 6
[2015-11-10 15:08:23][error]Failed opening controller script D:\php_pro\yafsample/application\controllers\Favicon.ico.php: No such file or directory IN FILE D:\php_pro\yafsample\index.php ON LINE 6
[2015-11-10 15:08:34][error]Failed opening controller script D:\php_pro\yafsample/application\controllers\Favicon.ico.php: No such file or directory IN FILE D:\php_pro\yafsample\index.php ON LINE 6
[2015-11-10 15:09:07][error]Failed opening controller script D:\php_pro\yafsample/application\controllers\Favicon.ico.php: No such file or directory IN FILE D:\php_pro\yafsample\index.php ON LINE 6
[2015-11-10 15:11:24][error]Failed opening controller script D:\php_pro\yafsample/application\controllers\Favicon.ico.php: No such file or directory IN FILE D:\php_pro\yafsample\index.php ON LINE 6
[2015-11-10 15:12:52][error]Failed opening controller script D:\php_pro\yafsample/application\controllers\Favicon.ico.php: No such file or directory IN FILE D:\php_pro\yafsample\index.php ON LINE 6
[2015-11-10 15:14:06][error]Failed opening controller script D:\php_pro\yafsample/application\controllers\Favicon.ico.php: No such file or directory IN FILE D:\php_pro\yafsample\index.php ON LINE 6
[2015-11-10 15:18:53][error]Failed opening controller script D:\php_pro\yafsample/application\controllers\Favicon.ico.php: No such file or directory IN FILE D:\php_pro\yafsample\index.php ON LINE 6
[2015-11-10 15:25:11][error]Failed opening controller script D:\php_pro\yafsample/application\controllers\Favicon.ico.php: No such file or directory IN FILE D:\php_pro\yafsample\index.php ON LINE 6
[2015-11-10 15:25:24][error]Failed opening controller script D:\php_pro\yafsample/application\controllers\Favicon.ico.php: No such file or directory IN FILE D:\php_pro\yafsample\index.php ON LINE 6
[2015-11-10 15:54:21][error]Failed opening controller script D:\php_pro\yafsample/application\controllers\Favicon.ico.php: No such file or directory IN FILE D:\php_pro\yafsample\index.php ON LINE 6
[2015-11-10 15:54:21][error]Failed opening controller script D:\php_pro\yafsample/application\controllers\Favicon.ico.php: No such file or directory IN FILE D:\php_pro\yafsample\index.php ON LINE 6
[2015-11-10 15:54:26][error]Failed opening controller script D:\php_pro\yafsample/application\controllers\Favicon.ico.php: No such file or directory IN FILE D:\php_pro\yafsample\index.php ON LINE 6
[2015-11-10 16:02:20][error]Failed opening controller script D:\php_pro\yafsample/application\controllers\Favicon.ico.php: No such file or directory IN FILE D:\php_pro\yafsample\index.php ON LINE 6
[2015-11-10 16:03:22][error]Failed opening controller script D:\php_pro\yafsample/application\controllers\Favicon.ico.php: No such file or directory IN FILE D:\php_pro\yafsample\index.php ON LINE 6
[2015-11-10 16:07:07][error]Failed opening controller script D:\php_pro\yafsample/application\controllers\Favicon.ico.php: No such file or directory IN FILE D:\php_pro\yafsample\index.php ON LINE 6
[2015-11-10 16:08:22][error]Failed opening controller script D:\php_pro\yafsample/application\controllers\Favicon.ico.php: No such file or directory IN FILE D:\php_pro\yafsample\index.php ON LINE 6
[2015-11-10 16:20:46][error]Failed opening controller script D:\php_pro\yafsample/application\controllers\Favicon.ico.php: No such file or directory IN FILE D:\php_pro\yafsample\index.php ON LINE 6
[2015-11-10 16:23:22][error]Failed opening controller script D:\php_pro\yafsample/application\controllers\Favicon.ico.php: No such file or directory IN FILE D:\php_pro\yafsample\index.php ON LINE 6
[2015-11-10 16:24:15][error]Failed opening controller script D:\php_pro\yafsample/application\controllers\Favicon.ico.php: No such file or directory IN FILE D:\php_pro\yafsample\index.php ON LINE 6
[2015-11-10 16:24:48][error]Failed opening controller script D:\php_pro\yafsample/application\controllers\Favicon.ico.php: No such file or directory IN FILE D:\php_pro\yafsample\index.php ON LINE 6
[2015-11-10 16:47:59][error]Failed opening controller script D:\php_pro\yafsample/application\controllers\Favicon.ico.php: No such file or directory IN FILE D:\php_pro\yafsample\index.php ON LINE 6
[2015-11-10 16:48:01][error]exception 'PDOException' with message 'SQLSTATE[42S22]: Column not found: 1054 Unknown column 'id' in 'where clause'' in D:\php_pro\yafsample\application\library\DbMysql.php:170
Stack trace:
#0 D:\php_pro\yafsample\application\library\DbMysql.php(170): PDOStatement->execute()
#1 D:\php_pro\yafsample\application\library\DbMysql.php(220): DbMysql->select('test', Array, 1, NULL, NULL, false, false)
#2 D:\php_pro\yafsample\application\models\Test1.php(73): DbMysql->selectFirst('test', Array)
#3 D:\php_pro\yafsample\application\modules\Test\controllers\Home.php(51): Test1Model->GetByID(NULL)
#4 [internal function]: HomeController->editAction()
#5 D:\php_pro\yafsample\index.php(6): Yaf_Application->run()
#6 {main} IN FILE D:\php_pro\yafsample\application\library\DbMysql.php ON LINE 179
[2015-11-10 16:48:01][error]Failed opening controller script D:\php_pro\yafsample/application\controllers\Favicon.ico.php: No such file or directory IN FILE D:\php_pro\yafsample\index.php ON LINE 6
[2015-11-10 16:49:21][error]Failed opening controller script D:\php_pro\yafsample/application\controllers\Favicon.ico.php: No such file or directory IN FILE D:\php_pro\yafsample\index.php ON LINE 6
[2015-11-10 16:49:23][error]exception 'PDOException' with message 'SQLSTATE[42S22]: Column not found: 1054 Unknown column 'id' in 'where clause'' in D:\php_pro\yafsample\application\library\DbMysql.php:170
Stack trace:
#0 D:\php_pro\yafsample\application\library\DbMysql.php(170): PDOStatement->execute()
#1 D:\php_pro\yafsample\application\library\DbMysql.php(220): DbMysql->select('test', Array, 1, NULL, NULL, false, false)
#2 D:\php_pro\yafsample\application\models\Test1.php(73): DbMysql->selectFirst('test', Array)
#3 D:\php_pro\yafsample\application\modules\Test\controllers\Home.php(51): Test1Model->GetByID(NULL)
#4 [internal function]: HomeController->editAction(NULL)
#5 D:\php_pro\yafsample\index.php(6): Yaf_Application->run()
#6 {main} IN FILE D:\php_pro\yafsample\application\library\DbMysql.php ON LINE 179
[2015-11-10 16:49:23][error]Failed opening controller script D:\php_pro\yafsample/application\controllers\Favicon.ico.php: No such file or directory IN FILE D:\php_pro\yafsample\index.php ON LINE 6
[2015-11-10 16:50:55][error]Failed opening controller script D:\php_pro\yafsample/application\controllers\Favicon.ico.php: No such file or directory IN FILE D:\php_pro\yafsample\index.php ON LINE 6
[2015-11-10 16:51:11][error]Failed opening controller script D:\php_pro\yafsample/application\controllers\Favicon.ico.php: No such file or directory IN FILE D:\php_pro\yafsample\index.php ON LINE 6
[2015-11-10 16:51:12][error]Failed opening controller script D:\php_pro\yafsample/application\controllers\Favicon.ico.php: No such file or directory IN FILE D:\php_pro\yafsample\index.php ON LINE 6
[2015-11-10 16:52:01][error]Failed opening controller script D:\php_pro\yafsample/application\controllers\Favicon.ico.php: No such file or directory IN FILE D:\php_pro\yafsample\index.php ON LINE 6
[2015-11-10 16:53:17][error]Failed opening controller script D:\php_pro\yafsample/application\controllers\Favicon.ico.php: No such file or directory IN FILE D:\php_pro\yafsample\index.php ON LINE 6
[2015-11-10 16:54:37][error]Failed opening controller script D:\php_pro\yafsample/application\controllers\Favicon.ico.php: No such file or directory IN FILE D:\php_pro\yafsample\index.php ON LINE 6
[2015-11-10 16:54:40][error]Failed opening controller script D:\php_pro\yafsample/application\controllers\Admin.php: No such file or directory IN FILE D:\php_pro\yafsample\index.php ON LINE 6
[2015-11-10 16:54:41][error]Failed opening controller script D:\php_pro\yafsample/application\controllers\Admin.php: No such file or directory IN FILE D:\php_pro\yafsample\index.php ON LINE 6
[2015-11-10 16:54:41][error]Failed opening controller script D:\php_pro\yafsample/application\controllers\Admin.php: No such file or directory IN FILE D:\php_pro\yafsample\index.php ON LINE 6
[2015-11-10 16:54:41][error]Failed opening controller script D:\php_pro\yafsample/application\controllers\Admin.php: No such file or directory IN FILE D:\php_pro\yafsample\index.php ON LINE 6
[2015-11-10 16:54:41][error]Failed opening controller script D:\php_pro\yafsample/application\controllers\Admin.php: No such file or directory IN FILE D:\php_pro\yafsample\index.php ON LINE 6
[2015-11-10 16:54:42][error]Failed opening controller script D:\php_pro\yafsample/application\controllers\Admin.php: No such file or directory IN FILE D:\php_pro\yafsample\index.php ON LINE 6
[2015-11-10 16:54:42][error]Failed opening controller script D:\php_pro\yafsample/application\controllers\Admin.php: No such file or directory IN FILE D:\php_pro\yafsample\index.php ON LINE 6
[2015-11-10 16:55:35][error]Failed opening controller script D:\php_pro\yafsample/application\controllers\Favicon.ico.php: No such file or directory IN FILE D:\php_pro\yafsample\index.php ON LINE 6
[2015-11-10 16:55:40][error]Failed opening controller script D:\php_pro\yafsample/application\controllers\Favicon.ico.php: No such file or directory IN FILE D:\php_pro\yafsample\index.php ON LINE 6
[2015-11-10 16:55:44][error]Failed opening controller script D:\php_pro\yafsample/application\controllers\Favicon.ico.php: No such file or directory IN FILE D:\php_pro\yafsample\index.php ON LINE 6
[2015-11-10 16:59:29][error]Failed opening controller script D:\php_pro\yafsample/application\controllers\Favicon.ico.php: No such file or directory IN FILE D:\php_pro\yafsample\index.php ON LINE 6
[2015-11-10 16:59:31][error]Failed opening controller script D:\php_pro\yafsample/application\controllers\Favicon.ico.php: No such file or directory IN FILE D:\php_pro\yafsample\index.php ON LINE 6
[2015-11-10 16:59:33][error]Failed opening controller script D:\php_pro\yafsample/application\controllers\Favicon.ico.php: No such file or directory IN FILE D:\php_pro\yafsample\index.php ON LINE 6
[2015-11-10 17:00:06][error]Failed opening controller script D:\php_pro\yafsample/application\controllers\Favicon.ico.php: No such file or directory IN FILE D:\php_pro\yafsample\index.php ON LINE 6
[2015-11-10 17:01:14][error]Failed opening controller script D:\php_pro\yafsample/application\controllers\Favicon.ico.php: No such file or directory IN FILE D:\php_pro\yafsample\index.php ON LINE 6
[2015-11-10 17:01:16][error]Failed opening controller script D:\php_pro\yafsample/application\controllers\Favicon.ico.php: No such file or directory IN FILE D:\php_pro\yafsample\index.php ON LINE 6
[2015-11-10 17:01:21][error]Failed opening controller script D:\php_pro\yafsample/application\controllers\Favicon.ico.php: No such file or directory IN FILE D:\php_pro\yafsample\index.php ON LINE 6
[2015-11-10 17:01:28][error]Failed opening controller script D:\php_pro\yafsample/application\controllers\Favicon.ico.php: No such file or directory IN FILE D:\php_pro\yafsample\index.php ON LINE 6
[2015-11-10 17:01:31][error]Failed opening controller script D:\php_pro\yafsample/application\controllers\Favicon.ico.php: No such file or directory IN FILE D:\php_pro\yafsample\index.php ON LINE 6
[2015-11-10 17:01:33][error]Failed opening controller script D:\php_pro\yafsample/application\controllers\Favicon.ico.php: No such file or directory IN FILE D:\php_pro\yafsample\index.php ON LINE 6
[2015-11-10 17:01:35][error]Failed opening controller script D:\php_pro\yafsample/application\controllers\Favicon.ico.php: No such file or directory IN FILE D:\php_pro\yafsample\index.php ON LINE 6
[2015-11-10 17:01:41][error]Failed opening controller script D:\php_pro\yafsample/application\controllers\Favicon.ico.php: No such file or directory IN FILE D:\php_pro\yafsample\index.php ON LINE 6
[2015-11-10 17:03:13][error]Failed opening controller script D:\php_pro\yafsample/application\controllers\Favicon.ico.php: No such file or directory IN FILE D:\php_pro\yafsample\index.php ON LINE 6
[2015-11-10 17:03:16][error]Failed opening controller script D:\php_pro\yafsample/application\controllers\Favicon.ico.php: No such file or directory IN FILE D:\php_pro\yafsample\index.php ON LINE 6
[2015-11-10 17:03:25][error]Failed opening controller script D:\php_pro\yafsample/application\controllers\Favicon.ico.php: No such file or directory IN FILE D:\php_pro\yafsample\index.php ON LINE 6
[2015-11-10 17:03:28][error]Failed opening controller script D:\php_pro\yafsample/application\controllers\Favicon.ico.php: No such file or directory IN FILE D:\php_pro\yafsample\index.php ON LINE 6
[2015-11-10 17:03:58][error]Failed opening controller script D:\php_pro\yafsample/application\controllers\Favicon.ico.php: No such file or directory IN FILE D:\php_pro\yafsample\index.php ON LINE 6
[2015-11-10 17:04:05][error]Failed opening controller script D:\php_pro\yafsample/application\controllers\Favicon.ico.php: No such file or directory IN FILE D:\php_pro\yafsample\index.php ON LINE 6
[2015-11-10 17:04:08][error]Failed opening controller script D:\php_pro\yafsample/application\controllers\Favicon.ico.php: No such file or directory IN FILE D:\php_pro\yafsample\index.php ON LINE 6
[2015-11-10 17:04:31][error]Failed opening controller script D:\php_pro\yafsample/application\controllers\Favicon.ico.php: No such file or directory IN FILE D:\php_pro\yafsample\index.php ON LINE 6
[2015-11-10 17:04:51][error]Failed opening controller script D:\php_pro\yafsample/application\controllers\Favicon.ico.php: No such file or directory IN FILE D:\php_pro\yafsample\index.php ON LINE 6
[2015-11-10 17:06:25][error]Failed opening controller script D:\php_pro\yafsample/application\controllers\Favicon.ico.php: No such file or directory IN FILE D:\php_pro\yafsample\index.php ON LINE 6
[2015-11-10 17:06:32][error]Failed opening controller script D:\php_pro\yafsample/application\controllers\Favicon.ico.php: No such file or directory IN FILE D:\php_pro\yafsample\index.php ON LINE 6
[2015-11-10 17:06:36][error]Failed opening controller script D:\php_pro\yafsample/application\controllers\Favicon.ico.php: No such file or directory IN FILE D:\php_pro\yafsample\index.php ON LINE 6
[2015-11-10 17:06:41][error]Failed opening controller script D:\php_pro\yafsample/application\controllers\Favicon.ico.php: No such file or directory IN FILE D:\php_pro\yafsample\index.php ON LINE 6
[2015-11-10 17:06:42][error]Failed opening controller script D:\php_pro\yafsample/application\controllers\Favicon.ico.php: No such file or directory IN FILE D:\php_pro\yafsample\index.php ON LINE 6
[2015-11-10 17:06:44][error]Failed opening controller script D:\php_pro\yafsample/application\controllers\Favicon.ico.php: No such file or directory IN FILE D:\php_pro\yafsample\index.php ON LINE 6
[2015-11-10 17:14:32][error]Failed opening controller script D:\php_pro\yafsample/application\controllers\Favicon.ico.php: No such file or directory IN FILE D:\php_pro\yafsample\index.php ON LINE 6
[2015-11-10 17:14:44][error]Failed opening controller script D:\php_pro\yafsample/application\controllers\Favicon.ico.php: No such file or directory IN FILE D:\php_pro\yafsample\index.php ON LINE 6
[2015-11-10 17:15:23][error]Failed opening controller script D:\php_pro\yafsample/application\controllers\Favicon.ico.php: No such file or directory IN FILE D:\php_pro\yafsample\index.php ON LINE 6
[2015-11-10 17:15:26][error]Failed opening controller script D:\php_pro\yafsample/application\controllers\Favicon.ico.php: No such file or directory IN FILE D:\php_pro\yafsample\index.php ON LINE 6
[2015-11-10 17:15:30][error]Failed opening controller script D:\php_pro\yafsample/application\controllers\Favicon.ico.php: No such file or directory IN FILE D:\php_pro\yafsample\index.php ON LINE 6
[2015-11-10 17:39:02][error]Failed opening controller script D:\php_pro\yafsample/application\controllers\Favicon.ico.php: No such file or directory IN FILE D:\php_pro\yafsample\index.php ON LINE 6
[2015-11-10 17:39:02][error]Failed opening controller script D:\php_pro\yafsample/application\controllers\Favicon.ico.php: No such file or directory IN FILE D:\php_pro\yafsample\index.php ON LINE 6
[2015-11-10 17:47:24][error]Failed opening controller script D:\php_pro\yafsample/application\controllers\Favicon.ico.php: No such file or directory IN FILE D:\php_pro\yafsample\index.php ON LINE 6
[2015-11-10 17:47:30][error]Failed opening controller script D:\php_pro\yafsample/application\controllers\Favicon.ico.php: No such file or directory IN FILE D:\php_pro\yafsample\index.php ON LINE 6
[2015-11-10 17:47:34][error]Failed opening controller script D:\php_pro\yafsample/application\controllers\Favicon.ico.php: No such file or directory IN FILE D:\php_pro\yafsample\index.php ON LINE 6
[2015-11-10 17:48:24][error]Failed opening controller script D:\php_pro\yafsample/application\controllers\Favicon.ico.php: No such file or directory IN FILE D:\php_pro\yafsample\index.php ON LINE 6
[2015-11-10 17:50:58][error]Failed opening controller script D:\php_pro\yafsample/application\controllers\Favicon.ico.php: No such file or directory IN FILE D:\php_pro\yafsample\index.php ON LINE 6
[2015-11-10 17:51:58][error]Failed opening controller script D:\php_pro\yafsample/application\controllers\Favicon.ico.php: No such file or directory IN FILE D:\php_pro\yafsample\index.php ON LINE 6
[2015-11-10 17:58:10][error]Failed opening controller script D:\php_pro\yafsample/application\controllers\Favicon.ico.php: No such file or directory IN FILE D:\php_pro\yafsample\index.php ON LINE 6
[2015-11-10 17:58:12][error]Failed opening controller script D:\php_pro\yafsample/application\controllers\Favicon.ico.php: No such file or directory IN FILE D:\php_pro\yafsample\index.php ON LINE 6
[2015-11-10 17:58:13][error]Failed opening controller script D:\php_pro\yafsample/application\controllers\Favicon.ico.php: No such file or directory IN FILE D:\php_pro\yafsample\index.php ON LINE 6
[2015-11-10 17:58:13][error]Failed opening controller script D:\php_pro\yafsample/application\controllers\Favicon.ico.php: No such file or directory IN FILE D:\php_pro\yafsample\index.php ON LINE 6
[2015-11-10 17:58:14][error]Failed opening controller script D:\php_pro\yafsample/application\controllers\Favicon.ico.php: No such file or directory IN FILE D:\php_pro\yafsample\index.php ON LINE 6
[2015-11-10 17:58:15][error]Failed opening controller script D:\php_pro\yafsample/application\controllers\Favicon.ico.php: No such file or directory IN FILE D:\php_pro\yafsample\index.php ON LINE 6
[2015-11-10 17:58:15][error]Failed opening controller script D:\php_pro\yafsample/application\controllers\Favicon.ico.php: No such file or directory IN FILE D:\php_pro\yafsample\index.php ON LINE 6
[2015-11-10 17:58:16][error]Failed opening controller script D:\php_pro\yafsample/application\controllers\Favicon.ico.php: No such file or directory IN FILE D:\php_pro\yafsample\index.php ON LINE 6
[2015-11-10 17:58:18][error]exception 'PDOException' with message 'SQLSTATE[42S22]: Column not found: 1054 Unknown column 'id' in 'where clause'' in D:\php_pro\yafsample\application\library\DbMysql.php:170
Stack trace:
#0 D:\php_pro\yafsample\application\library\DbMysql.php(170): PDOStatement->execute()
#1 D:\php_pro\yafsample\application\library\DbMysql.php(220): DbMysql->select('test', Array, 1, NULL, NULL, false, false)
#2 D:\php_pro\yafsample\application\models\Test1.php(73): DbMysql->selectFirst('test', Array)
#3 D:\php_pro\yafsample\application\modules\Test\controllers\Home.php(54): Test1Model->GetByID('1')
#4 [internal function]: HomeController->editAction('1')
#5 D:\php_pro\yafsample\index.php(6): Yaf_Application->run()
#6 {main} IN FILE D:\php_pro\yafsample\application\library\DbMysql.php ON LINE 179
[2015-11-10 17:58:18][error]Failed opening controller script D:\php_pro\yafsample/application\controllers\Favicon.ico.php: No such file or directory IN FILE D:\php_pro\yafsample\index.php ON LINE 6
[2015-11-10 18:02:13][error]exception 'PDOException' with message 'SQLSTATE[42S22]: Column not found: 1054 Unknown column 'id' in 'where clause'' in D:\php_pro\yafsample\application\library\DbMysql.php:170
Stack trace:
#0 D:\php_pro\yafsample\application\library\DbMysql.php(170): PDOStatement->execute()
#1 D:\php_pro\yafsample\application\library\DbMysql.php(220): DbMysql->select('test', Array, 1, NULL, NULL, false, false)
#2 D:\php_pro\yafsample\application\models\Test1.php(73): DbMysql->selectFirst('test', Array)
#3 D:\php_pro\yafsample\application\modules\Test\controllers\Home.php(54): Test1Model->GetByID('1')
#4 [internal function]: HomeController->editAction('1')
#5 D:\php_pro\yafsample\index.php(6): Yaf_Application->run()
#6 {main} IN FILE D:\php_pro\yafsample\application\library\DbMysql.php ON LINE 179
[2015-11-10 18:02:13][error]Failed opening controller script D:\php_pro\yafsample/application\controllers\Favicon.ico.php: No such file or directory IN FILE D:\php_pro\yafsample\index.php ON LINE 6
[2015-11-10 18:02:13][error]Failed opening controller script D:\php_pro\yafsample/application\controllers\Favicon.ico.php: No such file or directory IN FILE D:\php_pro\yafsample\index.php ON LINE 6
